This is pdfTeX, Version 3.141592653-2.6-1.40.24 (TeX Live 2022/CVE-2023-32700 patched) (preloaded format=pdflatex 2023.10.5)  19 NOV 2023 18:09
entering extended mode
 restricted \write18 enabled.
 %&-line parsing enabled.
**ba.tex
(./ba.tex
LaTeX2e <2022-06-01> patch level 5
L3 programming layer <2022-12-17>
(/usr/share/texlive/texmf-dist/tex/latex/koma-script/scrbook.cls
Document Class: scrbook 2022/10/12 v3.38 KOMA-Script document class (book)
(/usr/share/texlive/texmf-dist/tex/latex/koma-script/scrkbase.sty
Package: scrkbase 2022/10/12 v3.38 KOMA-Script package (KOMA-Script-dependent b
asics and keyval usage)

(/usr/share/texlive/texmf-dist/tex/latex/koma-script/scrbase.sty
Package: scrbase 2022/10/12 v3.38 KOMA-Script package (KOMA-Script-independent 
basics and keyval usage)

(/usr/share/texlive/texmf-dist/tex/latex/koma-script/scrlfile.sty
Package: scrlfile 2022/10/12 v3.38 KOMA-Script package (file load hooks)

(/usr/share/texlive/texmf-dist/tex/latex/koma-script/scrlfile-hook.sty
Package: scrlfile-hook 2022/10/12 v3.38 KOMA-Script package (using LaTeX hooks)


(/usr/share/texlive/texmf-dist/tex/latex/koma-script/scrlogo.sty
Package: scrlogo 2022/10/12 v3.38 KOMA-Script package (logo)
)))
(/usr/share/texlive/texmf-dist/tex/latex/graphics/keyval.sty
Package: keyval 2022/05/29 v1.15 key=value parser (DPC)
\KV@toks@=\toks16
)
Applying: [2021/05/01] Usage of raw or classic option list on input line 252.
Already applied: [0000/00/00] Usage of raw or classic option list on input line
 368.
))
(/usr/share/texlive/texmf-dist/tex/latex/koma-script/tocbasic.sty
Package: tocbasic 2022/10/12 v3.38 KOMA-Script package (handling toc-files)
\scr@dte@tocline@numberwidth=\skip47
\scr@dte@tocline@numbox=\box51
)
Package tocbasic Info: omitting babel extension for `toc'
(tocbasic)             because of feature `nobabel' available
(tocbasic)             for `toc' on input line 137.
Package scrbook Info: You've used standard option `11pt'.
(scrbook)             This is correct!
(scrbook)             Internally I'm using `fontsize=11pt'.
(scrbook)             If you'd like to set the option with \KOMAoptions,
(scrbook)             you'd have to use `fontsize=11pt' there
(scrbook)             instead of `11pt', too.
Class scrbook Info: File `scrsize11pt.clo' used to setup font sizes on input li
ne 2617.

(/usr/share/texlive/texmf-dist/tex/latex/koma-script/scrsize11pt.clo
File: scrsize11pt.clo 2022/10/12 v3.38 KOMA-Script font size class option (11pt
)
)
(/usr/share/texlive/texmf-dist/tex/latex/koma-script/typearea.sty
Package: typearea 2022/10/12 v3.38 KOMA-Script package (type area)
\ta@bcor=\skip48
\ta@div=\count185
\ta@hblk=\skip49
\ta@vblk=\skip50
\ta@temp=\skip51
\footheight=\skip52
Package typearea Info: These are the values describing the layout:
(typearea)             DIV  = 10
(typearea)             BCOR = 0.0pt
(typearea)             \paperwidth      = 597.50793pt
(typearea)              \textwidth      = 418.25555pt
(typearea)              DIV departure   = -6%
(typearea)              \evensidemargin = 47.2316pt
(typearea)              \oddsidemargin  = -12.5192pt
(typearea)             \paperheight     = 845.04694pt
(typearea)              \textheight     = 595.80026pt
(typearea)              \topmargin      = -25.16531pt
(typearea)              \headheight     = 17.0pt
(typearea)              \headsep        = 20.40001pt
(typearea)              \topskip        = 11.0pt
(typearea)              \footskip       = 47.6pt
(typearea)              \baselineskip   = 13.6pt
(typearea)              on input line 1767.
)
\c@part=\count186
\c@chapter=\count187
\c@section=\count188
\c@subsection=\count189
\c@subsubsection=\count190
\c@paragraph=\count191
\c@subparagraph=\count192
\scr@dte@chapter@maxnumwidth=\skip53
Class scrbook Info: using compatibility default `afterindent=bysign'
(scrbook)           for `\chapter on input line 5898.
\scr@dte@section@maxnumwidth=\skip54
Class scrbook Info: using compatibility default `runin=bysign'
(scrbook)           for `\section on input line 5909.
Class scrbook Info: using compatibility default `afterindent=bysign'
(scrbook)           for `\section on input line 5909.
\scr@dte@part@maxnumwidth=\skip55
Class scrbook Info: using compatibility default `afterindent=true'
(scrbook)           for `\part on input line 5918.
\scr@dte@subsection@maxnumwidth=\skip56
Class scrbook Info: using compatibility default `runin=bysign'
(scrbook)           for `\subsection on input line 5928.
Class scrbook Info: using compatibility default `afterindent=bysign'
(scrbook)           for `\subsection on input line 5928.
\scr@dte@subsubsection@maxnumwidth=\skip57
Class scrbook Info: using compatibility default `runin=bysign'
(scrbook)           for `\subsubsection on input line 5938.
Class scrbook Info: using compatibility default `afterindent=bysign'
(scrbook)           for `\subsubsection on input line 5938.
\scr@dte@paragraph@maxnumwidth=\skip58
Class scrbook Info: using compatibility default `runin=bysign'
(scrbook)           for `\paragraph on input line 5949.
Class scrbook Info: using compatibility default `afterindent=bysign'
(scrbook)           for `\paragraph on input line 5949.
\scr@dte@subparagraph@maxnumwidth=\skip59
Class scrbook Info: using compatibility default `runin=bysign'
(scrbook)           for `\subparagraph on input line 5959.
Class scrbook Info: using compatibility default `afterindent=bysign'
(scrbook)           for `\subparagraph on input line 5959.
\abovecaptionskip=\skip60
\belowcaptionskip=\skip61
\c@pti@nb@sid@b@x=\box52
Package tocbasic Info: omitting babel extension for `lof'
(tocbasic)             because of feature `nobabel' available
(tocbasic)             for `lof' on input line 7142.
\scr@dte@figure@maxnumwidth=\skip62
\c@figure=\count193
Package tocbasic Info: omitting babel extension for `lot'
(tocbasic)             because of feature `nobabel' available
(tocbasic)             for `lot' on input line 7159.
\scr@dte@table@maxnumwidth=\skip63
\c@table=\count194
Class scrbook Info: Redefining `\numberline' on input line 7330.
\bibindent=\dimen140
)
(/usr/share/texlive/texmf-dist/tex/latex/hyperref/hyperref.sty
Package: hyperref 2022-11-13 v7.00u Hypertext links for LaTeX

(/usr/share/texlive/texmf-dist/tex/generic/ltxcmds/ltxcmds.sty
Package: ltxcmds 2020-05-10 v1.25 LaTeX kernel commands for general use (HO)
)
(/usr/share/texlive/texmf-dist/tex/generic/iftex/iftex.sty
Package: iftex 2022/02/03 v1.0f TeX engine tests
)
(/usr/share/texlive/texmf-dist/tex/generic/pdftexcmds/pdftexcmds.sty
Package: pdftexcmds 2020-06-27 v0.33 Utility functions of pdfTeX for LuaTeX (HO
)

(/usr/share/texlive/texmf-dist/tex/generic/infwarerr/infwarerr.sty
Package: infwarerr 2019/12/03 v1.5 Providing info/warning/error messages (HO)
)
Package pdftexcmds Info: \pdf@primitive is available.
Package pdftexcmds Info: \pdf@ifprimitive is available.
Package pdftexcmds Info: \pdfdraftmode found.
)
(/usr/share/texlive/texmf-dist/tex/latex/kvsetkeys/kvsetkeys.sty
Package: kvsetkeys 2022-10-05 v1.19 Key value parser (HO)
)
(/usr/share/texlive/texmf-dist/tex/generic/kvdefinekeys/kvdefinekeys.sty
Package: kvdefinekeys 2019-12-19 v1.6 Define keys (HO)
)
(/usr/share/texlive/texmf-dist/tex/generic/pdfescape/pdfescape.sty
Package: pdfescape 2019/12/09 v1.15 Implements pdfTeX's escape features (HO)
)
(/usr/share/texlive/texmf-dist/tex/latex/hycolor/hycolor.sty
Package: hycolor 2020-01-27 v1.10 Color options for hyperref/bookmark (HO)
)
(/usr/share/texlive/texmf-dist/tex/latex/letltxmacro/letltxmacro.sty
Package: letltxmacro 2019/12/03 v1.6 Let assignment for LaTeX macros (HO)
)
(/usr/share/texlive/texmf-dist/tex/latex/auxhook/auxhook.sty
Package: auxhook 2019-12-17 v1.6 Hooks for auxiliary files (HO)
)
(/usr/share/texlive/texmf-dist/tex/latex/hyperref/nameref.sty
Package: nameref 2022-05-17 v2.50 Cross-referencing by name of section

(/usr/share/texlive/texmf-dist/tex/latex/refcount/refcount.sty
Package: refcount 2019/12/15 v3.6 Data extraction from label references (HO)
)
(/usr/share/texlive/texmf-dist/tex/generic/gettitlestring/gettitlestring.sty
Package: gettitlestring 2019/12/15 v1.6 Cleanup title references (HO)

(/usr/share/texlive/texmf-dist/tex/latex/kvoptions/kvoptions.sty
Package: kvoptions 2022-06-15 v3.15 Key value format for package options (HO)
))
\c@section@level=\count195
)
\@linkdim=\dimen141
\Hy@linkcounter=\count196
\Hy@pagecounter=\count197

(/usr/share/texlive/texmf-dist/tex/latex/hyperref/pd1enc.def
File: pd1enc.def 2022-11-13 v7.00u Hyperref: PDFDocEncoding definition (HO)
Now handling font encoding PD1 ...
... no UTF-8 mapping file for font encoding PD1
)
(/usr/share/texlive/texmf-dist/tex/generic/intcalc/intcalc.sty
Package: intcalc 2019/12/15 v1.3 Expandable calculations with integers (HO)
)
(/usr/share/texlive/texmf-dist/tex/generic/etexcmds/etexcmds.sty
Package: etexcmds 2019/12/15 v1.7 Avoid name clashes with e-TeX commands (HO)
)
\Hy@SavedSpaceFactor=\count198

(/usr/share/texlive/texmf-dist/tex/latex/hyperref/puenc.def
File: puenc.def 2022-11-13 v7.00u Hyperref: PDF Unicode definition (HO)
Now handling font encoding PU ...
... no UTF-8 mapping file for font encoding PU
)
Package hyperref Info: Option `breaklinks' set `true' on input line 4045.
Package hyperref Info: Option `colorlinks' set `true' on input line 4045.
Package hyperref Info: Hyper figures OFF on input line 4162.
Package hyperref Info: Link nesting OFF on input line 4167.
Package hyperref Info: Hyper index ON on input line 4170.
Package hyperref Info: Plain pages OFF on input line 4177.
Package hyperref Info: Backreferencing OFF on input line 4182.
Package hyperref Info: Implicit mode ON; LaTeX internals redefined.
Package hyperref Info: Bookmarks ON on input line 4410.
\c@Hy@tempcnt=\count199

(/usr/share/texlive/texmf-dist/tex/latex/url/url.sty
\Urlmuskip=\muskip16
Package: url 2013/09/16  ver 3.4  Verb mode for urls, etc.
)
LaTeX Info: Redefining \url on input line 4748.
\XeTeXLinkMargin=\dimen142

(/usr/share/texlive/texmf-dist/tex/generic/bitset/bitset.sty
Package: bitset 2019/12/09 v1.3 Handle bit-vector datatype (HO)

(/usr/share/texlive/texmf-dist/tex/generic/bigintcalc/bigintcalc.sty
Package: bigintcalc 2019/12/15 v1.5 Expandable calculations on big integers (HO
)
))
\Fld@menulength=\count266
\Field@Width=\dimen143
\Fld@charsize=\dimen144
Package hyperref Info: Hyper figures OFF on input line 6027.
Package hyperref Info: Link nesting OFF on input line 6032.
Package hyperref Info: Hyper index ON on input line 6035.
Package hyperref Info: backreferencing OFF on input line 6042.
Package hyperref Info: Link coloring ON on input line 6045.
Package hyperref Info: Link coloring with OCG OFF on input line 6052.
Package hyperref Info: PDF/A mode OFF on input line 6057.

(/usr/share/texlive/texmf-dist/tex/latex/base/atbegshi-ltx.sty
Package: atbegshi-ltx 2021/01/10 v1.0c Emulation of the original atbegshi
package with kernel methods
)
\Hy@abspage=\count267
\c@Item=\count268
\c@Hfootnote=\count269
)
Package hyperref Info: Driver (autodetected): hpdftex.

(/usr/share/texlive/texmf-dist/tex/latex/hyperref/hpdftex.def
File: hpdftex.def 2022-11-13 v7.00u Hyperref driver for pdfTeX

(/usr/share/texlive/texmf-dist/tex/latex/base/atveryend-ltx.sty
Package: atveryend-ltx 2020/08/19 v1.0a Emulation of the original atveryend pac
kage
with kernel methods
)
\Fld@listcount=\count270
\c@bookmark@seq@number=\count271

(/usr/share/texlive/texmf-dist/tex/latex/rerunfilecheck/rerunfilecheck.sty
Package: rerunfilecheck 2022-07-10 v1.10 Rerun checks for auxiliary files (HO)

(/usr/share/texlive/texmf-dist/tex/generic/uniquecounter/uniquecounter.sty
Package: uniquecounter 2019/12/15 v1.4 Provide unlimited unique counter (HO)
)
Package uniquecounter Info: New unique counter `rerunfilecheck' on input line 2
85.
)
\Hy@SectionHShift=\skip64
)
(/usr/share/texlive/texmf-dist/tex/latex/psnfss/helvet.sty
Package: helvet 2020/03/25 PSNFSS-v9.3 (WaS) 
)
(/usr/share/texlive/texmf-dist/tex/latex/graphics/graphicx.sty
Package: graphicx 2021/09/16 v1.2d Enhanced LaTeX Graphics (DPC,SPQR)

(/usr/share/texlive/texmf-dist/tex/latex/graphics/graphics.sty
Package: graphics 2022/03/10 v1.4e Standard LaTeX Graphics (DPC,SPQR)

(/usr/share/texlive/texmf-dist/tex/latex/graphics/trig.sty
Package: trig 2021/08/11 v1.11 sin cos tan (DPC)
)
(/usr/share/texlive/texmf-dist/tex/latex/graphics-cfg/graphics.cfg
File: graphics.cfg 2016/06/04 v1.11 sample graphics configuration
)
Package graphics Info: Driver file: pdftex.def on input line 107.

(/usr/share/texlive/texmf-dist/tex/latex/graphics-def/pdftex.def
File: pdftex.def 2022/09/22 v1.2b Graphics/color driver for pdftex
))
\Gin@req@height=\dimen145
\Gin@req@width=\dimen146
)
(/usr/share/texlive/texmf-dist/tex/latex/graphics/color.sty
Package: color 2022/01/06 v1.3d Standard LaTeX Color (DPC)

(/usr/share/texlive/texmf-dist/tex/latex/graphics-cfg/color.cfg
File: color.cfg 2016/01/02 v1.6 sample color configuration
)
Package color Info: Driver file: pdftex.def on input line 149.

(/usr/share/texlive/texmf-dist/tex/latex/graphics/mathcolor.ltx))
(/usr/share/texlive/texmf-dist/tex/latex/base/inputenc.sty
Package: inputenc 2021/02/14 v1.3d Input encoding file
\inpenc@prehook=\toks17
\inpenc@posthook=\toks18
)
(/usr/share/texlive/texmf-dist/tex/latex/tools/verbatim.sty
Package: verbatim 2022-07-02 v1.5u LaTeX2e package for verbatim enhancements
\every@verbatim=\toks19
\verbatim@line=\toks20
\verbatim@in@stream=\read2
)
(/usr/share/texlive/texmf-dist/tex/latex/caption/caption.sty
Package: caption 2022/03/01 v3.6b Customizing captions (AR)

(/usr/share/texlive/texmf-dist/tex/latex/caption/caption3.sty
Package: caption3 2022/03/17 v2.3b caption3 kernel (AR)
\caption@tempdima=\dimen147
\captionmargin=\dimen148
\caption@leftmargin=\dimen149
\caption@rightmargin=\dimen150
\caption@width=\dimen151
\caption@indent=\dimen152
\caption@parindent=\dimen153
\caption@hangindent=\dimen154
Package caption Info: KOMA-Script document class detected.

(/usr/share/texlive/texmf-dist/tex/latex/caption/caption-koma.sto
File: caption-koma.sto 2020/09/21 v2.0b Adaption of the caption package to the 
KOMA-Script document classes (AR)
))
\c@caption@flags=\count272
\c@continuedfloat=\count273
Package caption Info: hyperref package is loaded.
)
(/usr/share/texlive/texmf-dist/tex/latex/base/latexsym.sty
Package: latexsym 1998/08/17 v2.2e Standard LaTeX package (lasy symbols)
\symlasy=\mathgroup4
LaTeX Font Info:    Overwriting symbol font `lasy' in version `bold'
(Font)                  U/lasy/m/n --> U/lasy/b/n on input line 52.
)
(/usr/share/texlive/texmf-dist/tex/latex/setspace/setspace.sty
Package: setspace 2022/12/04 v6.7b set line spacing
)
(/usr/share/texlive/texmf-dist/tex/latex/microtype/microtype.sty
Package: microtype 2022/06/23 v3.0f Micro-typographical refinements (RS)

(/usr/share/texlive/texmf-dist/tex/latex/etoolbox/etoolbox.sty
Package: etoolbox 2020/10/05 v2.5k e-TeX tools for LaTeX (JAW)
\etb@tempcnta=\count274
)
\MT@toks=\toks21
\MT@tempbox=\box53
\MT@count=\count275
LaTeX Info: Redefining \noprotrusionifhmode on input line 1045.
LaTeX Info: Redefining \leftprotrusion on input line 1046.
LaTeX Info: Redefining \rightprotrusion on input line 1056.
LaTeX Info: Redefining \textls on input line 1234.
\MT@outer@kern=\dimen155
LaTeX Info: Redefining \textmicrotypecontext on input line 1858.
\MT@listname@count=\count276

(/usr/share/texlive/texmf-dist/tex/latex/microtype/microtype-pdftex.def
File: microtype-pdftex.def 2022/06/23 v3.0f Definitions specific to pdftex (RS)

LaTeX Info: Redefining \lsstyle on input line 900.
LaTeX Info: Redefining \lslig on input line 900.
\MT@outer@space=\skip65
)
Package microtype Info: Loading configuration file microtype.cfg.

(/usr/share/texlive/texmf-dist/tex/latex/microtype/microtype.cfg
File: microtype.cfg 2022/06/23 v3.0f microtype main configuration file (RS)
))
(/usr/share/texlive/texmf-dist/tex/latex/tools/tabularx.sty
Package: tabularx 2020/01/15 v2.11c `tabularx' package (DPC)

(/usr/share/texlive/texmf-dist/tex/latex/tools/array.sty
Package: array 2022/09/04 v2.5g Tabular extension package (FMi)
\col@sep=\dimen156
\ar@mcellbox=\box54
\extrarowheight=\dimen157
\NC@list=\toks22
\extratabsurround=\skip66
\backup@length=\skip67
\ar@cellbox=\box55
)
\TX@col@width=\dimen158
\TX@old@table=\dimen159
\TX@old@col=\dimen160
\TX@target=\dimen161
\TX@delta=\dimen162
\TX@cols=\count277
\TX@ftn=\toks23
)
(/usr/share/texlive/texmf-dist/tex/latex/enumitem/enumitem.sty
Package: enumitem 2019/06/20 v3.9 Customized lists
\labelindent=\skip68
\enit@outerparindent=\dimen163
\enit@toks=\toks24
\enit@inbox=\box56
\enit@count@id=\count278
\enitdp@description=\count279
)
(/usr/share/texlive/texmf-dist/tex/latex/koma-script/scrlayer-scrpage.sty
Package: scrlayer-scrpage 2022/10/12 v3.38 KOMA-Script package (end user interf
ace for scrlayer)

(/usr/share/texlive/texmf-dist/tex/latex/koma-script/scrlayer.sty
Package: scrlayer 2022/10/12 v3.38 KOMA-Script package (defining layers and pag
e styles)
Package scrlayer Info: patching LaTeX kernel macro \pagestyle on input line 217
6.
)
Package scrlayer-scrpage Info: Makeing stand-alone element `pagehead' from
(scrlayer-scrpage)             alias to `pageheadfoot' on input line 1089.
)
1: section
1: chapter
1: chapter
1: section
(/usr/share/texlive/texmf-dist/tex/generic/babel/babel.sty
Package: babel 2022/12/26 3.84 The Babel package
\babel@savecnt=\count280
\U@D=\dimen164
\l@unhyphenated=\language86

(/usr/share/texlive/texmf-dist/tex/generic/babel/txtbabel.def)
\bbl@readstream=\read3
\bbl@dirlevel=\count281

(/usr/share/texlive/texmf-dist/tex/generic/babel-german/ngerman.ldf
Language: ngerman 2021/02/27 v2.13 German support for babel (post-1996 orthogra
phy)

(/usr/share/texlive/texmf-dist/tex/generic/babel-german/ngermanb.ldf
Language: ngermanb 2021/02/27 v2.13 German support for babel (post-1996 orthogr
aphy)
Package babel Info: Making " an active character on input line 122.
)))
(/usr/share/texlive/texmf-dist/tex/generic/babel/locale/de/babel-ngerman.tex
Package babel Info: Importing font and identification data for ngerman
(babel)             from babel-de.ini. Reported on input line 11.
)
(/usr/share/texlive/texmf-dist/tex/latex/blindtext/blindtext.sty
Package: blindtext 2012/01/06 V2.0 blindtext-Package

(/usr/share/texlive/texmf-dist/tex/latex/tools/xspace.sty
Package: xspace 2014/10/28 v1.13 Space after command names (DPC,MH)
)
\c@blindtext=\count282
\c@Blindtext=\count283
\c@blind@countparstart=\count284
\blind@countxx=\count285
\blindtext@numBlindtext=\count286
\blind@countyy=\count287
\c@blindlist=\count288
\c@blindlistlevel=\count289
\c@blindlist@level=\count290
\blind@listitem=\count291
\c@blind@listcount=\count292
\c@blind@levelcount=\count293
\blind@mathformula=\count294
\blind@Mathformula=\count295
\c@blind@randomcount=\count296
\c@blind@randommax=\count297
\c@blind@pangramcount=\count298
\c@blind@pangrammax=\count299
)
(./kapitel/profile.tex)
LaTeX Font Info:    Trying to load font information for OT1+phv on input line 4
4.

(/usr/share/texlive/texmf-dist/tex/latex/psnfss/ot1phv.fd
File: ot1phv.fd 2020/03/25 scalable font definitions for OT1/phv.
)
(/usr/share/texlive/texmf-dist/tex/latex/l3backend/l3backend-pdftex.def
File: l3backend-pdftex.def 2022-10-26 L3 backend support: PDF output (pdfTeX)
\l__color_backend_stack_int=\count300
\l__pdf_internal_box=\box57
)
(./ba.aux)
\openout1 = `ba.aux'.

LaTeX Font Info:    Checking defaults for OML/cmm/m/it on input line 44.
LaTeX Font Info:    ... okay on input line 44.
LaTeX Font Info:    Checking defaults for OMS/cmsy/m/n on input line 44.
LaTeX Font Info:    ... okay on input line 44.
LaTeX Font Info:    Checking defaults for OT1/cmr/m/n on input line 44.
LaTeX Font Info:    ... okay on input line 44.
LaTeX Font Info:    Checking defaults for T1/cmr/m/n on input line 44.
LaTeX Font Info:    ... okay on input line 44.
LaTeX Font Info:    Checking defaults for TS1/cmr/m/n on input line 44.
LaTeX Font Info:    ... okay on input line 44.
LaTeX Font Info:    Checking defaults for OMX/cmex/m/n on input line 44.
LaTeX Font Info:    ... okay on input line 44.
LaTeX Font Info:    Checking defaults for U/cmr/m/n on input line 44.
LaTeX Font Info:    ... okay on input line 44.
LaTeX Font Info:    Checking defaults for PD1/pdf/m/n on input line 44.
LaTeX Font Info:    ... okay on input line 44.
LaTeX Font Info:    Checking defaults for PU/pdf/m/n on input line 44.
LaTeX Font Info:    ... okay on input line 44.
Package hyperref Info: Link coloring ON on input line 44.
 (./ba.out) (./ba.out)
\@outlinefile=\write3
\openout3 = `ba.out'.

Class scrbook Info: loading recommended package `bookmark'.
(scrbook)           Using `bookmark' together with `hyperref' is recommended,
(scrbook)           because of handling of possible bookmark level gaps.
(scrbook)           You can avoid loading `bookmark' with KOMA-Script option
(scrbook)           `bookmarkpackage=false' before \begin{document} and
(scrbook)           you can avoid this message adding:
(scrbook)             \usepackage{bookmark}
(scrbook)           before \begin{document} on input line 44.

(/usr/share/texlive/texmf-dist/tex/latex/bookmark/bookmark.sty
Package: bookmark 2020-11-06 v1.29 PDF bookmarks (HO)

(/usr/share/texlive/texmf-dist/tex/latex/bookmark/bkm-pdftex.def
File: bkm-pdftex.def 2020-11-06 v1.29 bookmark driver for pdfTeX (HO)
\BKM@id=\count301
))
(/usr/share/texlive/texmf-dist/tex/context/base/mkii/supp-pdf.mkii
[Loading MPS to PDF converter (version 2006.09.02).]
\scratchcounter=\count302
\scratchdimen=\dimen165
\scratchbox=\box58
\nofMPsegments=\count303
\nofMParguments=\count304
\everyMPshowfont=\toks25
\MPscratchCnt=\count305
\MPscratchDim=\dimen166
\MPnumerator=\count306
\makeMPintoPDFobject=\count307
\everyMPtoPDFconversion=\toks26
) (/usr/share/texlive/texmf-dist/tex/latex/epstopdf-pkg/epstopdf-base.sty
Package: epstopdf-base 2020-01-24 v2.11 Base part for package epstopdf
Package epstopdf-base Info: Redefining graphics rule for `.eps' on input line 4
85.

(/usr/share/texlive/texmf-dist/tex/latex/latexconfig/epstopdf-sys.cfg
File: epstopdf-sys.cfg 2010/07/13 v1.3 Configuration of (r)epstopdf for TeX Liv
e
))
Package caption Info: Begin \AtBeginDocument code.
Package caption Info: End \AtBeginDocument code.
LaTeX Info: Redefining \microtypecontext on input line 44.
Package microtype Info: Applying patch `item' on input line 44.
Package microtype Info: Applying patch `toc' on input line 44.
Package microtype Info: Applying patch `eqnum' on input line 44.


Package microtype Warning: Unable to apply patch `footnote' on input line 44.

Package microtype Info: Generating PDF output.
Package microtype Info: Character protrusion enabled (level 2).
Package microtype Info: Using default protrusion set `alltext'.
Package microtype Info: Automatic font expansion enabled (level 2),
(microtype)             stretch: 20, shrink: 20, step: 1, non-selected.
Package microtype Info: Using default expansion set `alltext-nott'.
LaTeX Info: Redefining \showhyphens on input line 44.
Package microtype Info: No adjustment of tracking.
Package microtype Info: No adjustment of interword spacing.
Package microtype Info: No adjustment of character kerning.
Package microtype Info: Loading generic protrusion settings for font family
(microtype)             `phv' (encoding: OT1).
(microtype)             For optimal results, create family-specific settings.
(microtype)             See the microtype manual for details.

Package scrlayer-scrpage Warning: Very small head height detected!
(scrlayer-scrpage)                Using scrlayer-scrpage the head height
(scrlayer-scrpage)                should be at least \baselineskip, which is
(scrlayer-scrpage)                16.49677pt currently.
(scrlayer-scrpage)                But head height is currently 12.0pt only.
(scrlayer-scrpage)                You may use
(scrlayer-scrpage)                typearea option `headheight=16.49677pt'
(scrlayer-scrpage)                \relax to avoid this warning.

(./kapitel/title.tex
<bilder/logo.png, id=4, 903.375pt x 501.875pt>
File: bilder/logo.png Graphic file (type png)
<use bilder/logo.png>
Package pdftex.def Info: bilder/logo.png  used on input line 4.
(pdftex.def)             Requested size: 256.07233pt x 142.26378pt.
 [1





{/var/lib/texmf/fonts/map/pdftex/updmap/pdftex.map} <./bilder/logo.png>])
Package tocbasic Info: character protrusion at toc deactivated on input line 48
.
 (./ba.toc
(/usr/share/texlive/texmf-dist/tex/latex/microtype/mt-cmr.cfg
File: mt-cmr.cfg 2013/05/19 v2.2 microtype config. file: Computer Modern Roman 
(RS)
)
LaTeX Font Info:    External font `cmex10' loaded for size
(Font)              <10.95> on input line 4.
LaTeX Font Info:    External font `cmex10' loaded for size
(Font)              <8> on input line 4.
LaTeX Font Info:    External font `cmex10' loaded for size
(Font)              <6> on input line 4.
LaTeX Font Info:    Trying to load font information for U+lasy on input line 4.


(/usr/share/texlive/texmf-dist/tex/latex/base/ulasy.fd
File: ulasy.fd 1998/08/17 v2.2e LaTeX symbol font definitions
)

Package scrlayer-scrpage Warning: \headheight to low.
(scrlayer-scrpage)                At least 16.49675pt needed,
(scrlayer-scrpage)                but only 12.0pt found.
(scrlayer-scrpage)                I'll enlarge \headheight, for further
(scrlayer-scrpage)                processing, but you should do this yourself,
(scrlayer-scrpage)                e.g., setting typearea's option
(scrlayer-scrpage)                `headheight=16.49675pt'.
(scrlayer-scrpage)                I'll also decrease \topmargin on input line 1
22.


Overfull \vbox (4.49675pt too high) has occurred while \output is active []


[1


])
\tf@toc=\write4
\openout4 = `ba.toc'.

 [2] (./kapitel/k1_einleitung.tex
chapter 1.

pdfTeX warning (ext4): destination with the same identifier (name{page.1}) has 
been already used, duplicate ignored
<to be read again> 
                   \relax 
l.3 \chapter
            {Einleitung} [1


] [2


]
chapter 2.
LaTeX Font Info:    Trying to load font information for TS1+phv on input line 8
.
(/usr/share/texlive/texmf-dist/tex/latex/psnfss/ts1phv.fd
File: ts1phv.fd 2020/03/25 scalable font definitions for TS1/phv.
)
Package microtype Info: Loading generic protrusion settings for font family
(microtype)             `phv' (encoding: TS1).
(microtype)             For optimal results, create family-specific settings.
(microtype)             See the microtype manual for details.
)
(./kapitel/k2_grundlagen.tex [3] [4


]
chapter 3.
[5]
<bilder/k2/k2_mdd.png, id=144, 783.92876pt x 573.14125pt>
File: bilder/k2/k2_mdd.png Graphic file (type png)
<use bilder/k2/k2_mdd.png>
Package pdftex.def Info: bilder/k2/k2_mdd.png  used on input line 33.
(pdftex.def)             Requested size: 350.25272pt x 256.0748pt.


Package caption Warning: The option `hypcap=true' will be ignored for this
(caption)                particular \caption on input line 34.
See the caption package documentation for explanation.

[6 <./bilder/k2/k2_mdd.png>] [7]
Overfull \hbox (13.65569pt too wide) in paragraph at lines 74--75
\OT1/phv/m/n/10.95 (-20) Domain Events sind Er-eig-nis-se die f[]ur den Gesch[]
aftsbereich re-le-vant sind und zum Dom[]anenmodell
 []

[8]
<bilder/k2/k2_context_map.png, id=204, 244.2726pt x 139.722pt>
File: bilder/k2/k2_context_map.png Graphic file (type png)
<use bilder/k2/k2_context_map.png>
Package pdftex.def Info: bilder/k2/k2_context_map.png  used on input line 88.
(pdftex.def)             Requested size: 248.71866pt x 142.26378pt.


Package caption Warning: The option `hypcap=true' will be ignored for this
(caption)                particular \caption on input line 89.
See the caption package documentation for explanation.

[9 <./bilder/k2/k2_context_map.png (PNG copy)>] [10] [11]
<bilder/k2/k2_soa_vs_ms.png, id=262, 363.60844pt x 304.88907pt>
File: bilder/k2/k2_soa_vs_ms.png Graphic file (type png)
<use bilder/k2/k2_soa_vs_ms.png>
Package pdftex.def Info: bilder/k2/k2_soa_vs_ms.png  used on input line 142.
(pdftex.def)             Requested size: 203.60269pt x 170.71652pt.


Package caption Warning: The option `hypcap=true' will be ignored for this
(caption)                particular \caption on input line 143.
See the caption package documentation for explanation.

[12 <./bilder/k2/k2_soa_vs_ms.png>]
<bilder/k2/k2_microservices_eigenschaften.png, id=284, 861.2175pt x 341.275pt>
File: bilder/k2/k2_microservices_eigenschaften.png Graphic file (type png)
<use bilder/k2/k2_microservices_eigenschaften.png>
Package pdftex.def Info: bilder/k2/k2_microservices_eigenschaften.png  used on 
input line 158.
(pdftex.def)             Requested size: 359.01495pt x 142.26378pt.


Package caption Warning: The option `hypcap=true' will be ignored for this
(caption)                particular \caption on input line 159.
See the caption package documentation for explanation.

[13 <./bilder/k2/k2_microservices_eigenschaften.png>] [14] [15]
<bilder/k2/k2_broker.png, id=354, 272.89684pt x 184.44368pt>
File: bilder/k2/k2_broker.png Graphic file (type png)
<use bilder/k2/k2_broker.png>
Package pdftex.def Info: bilder/k2/k2_broker.png  used on input line 220.
(pdftex.def)             Requested size: 294.69087pt x 199.16928pt.


Package caption Warning: The option `hypcap=true' will be ignored for this
(caption)                particular \caption on input line 221.
See the caption package documentation for explanation.

[16 <./bilder/k2/k2_broker.png>]
<bilder/k2/k2_mediator.png, id=364, 287.08481pt x 233.43654pt>
File: bilder/k2/k2_mediator.png Graphic file (type png)
<use bilder/k2/k2_mediator.png>
Package pdftex.def Info: bilder/k2/k2_mediator.png  used on input line 234.
(pdftex.def)             Requested size: 244.9563pt x 199.16928pt.


Package caption Warning: The option `hypcap=true' will be ignored for this
(caption)                particular \caption on input line 235.
See the caption package documentation for explanation.

[17 <./bilder/k2/k2_mediator.png>] [18] [19] [20] [21] [22]
Overfull \hbox (27.40102pt too wide) in paragraph at lines 341--342
[]\OT1/phv/m/n/10.95 (-20) Die Eta-blie-rung ei-ner Be-reit-schafts-ro-ta-ti-on
, die si-cher-stellt, dass kon-ti-nu-ier-lich ei-ne []Uberwachung
 []

[23] [24] [25] [26] [27] [28]
Overfull \hbox (15.11073pt too wide) in paragraph at lines 449--450
[]\OT1/phv/m/n/10.95 (-20) Ein wei-te-res Bei-spiel f[]ur ein Ver-fah-ren ist e
i-nes, wel-ches im Zu-sam-men-hang des Tools VxBPMN4MS
 []


Overfull \hbox (2.60207pt too wide) in paragraph at lines 453--454
[]\OT1/phv/m/n/10.95 (-20) In der Pha-se der Ser-vice-zu-sam-men-set-zung und -
bereitstellung wer-den Microservice-Frameworks
 []


Overfull \hbox (28.61798pt too wide) in paragraph at lines 453--454
\OT1/phv/m/n/10.95 (-20) ent-wi-ckelt, die ei-ne an-pas-sungsf[]ahige In-fra-st
ruk-tur in-te-grie-ren. Die er-stell-ten Gesch[]aftsprozessmodelle
 []

[29]
Underfull \hbox (badness 10000) in paragraph at lines 519--519
[]|\OT1/phv/m/n/10.95 (+20) VxBPMN4MS
 []


Underfull \hbox (badness 1546) in paragraph at lines 519--519
[]\OT1/phv/m/n/10.95 (+20) Erstellen von gra-fi-schen Con-text Maps und Microse
rvice-
 []


LaTeX Warning: `h' float specifier changed to `ht'.

) (./kapitel/k3_modellierung.tex [30] [31] [32


]
chapter 4.
<bilder/k3/k3_ajil.png, id=550, 1264.725pt x 652.3572pt>
File: bilder/k3/k3_ajil.png Graphic file (type png)
<use bilder/k3/k3_ajil.png>
Package pdftex.def Info: bilder/k3/k3_ajil.png  used on input line 17.
(pdftex.def)             Requested size: 441.29022pt x 227.62204pt.

Package caption Warning: The option `hypcap=true' will be ignored for this
(caption)                particular \caption on input line 18.
See the caption package documentation for explanation.

[33 <./bilder/k3/k3_ajil.png>]
<bilder/k3/k3_context_mapper.png, id=558, 1573.88pt x 1710.39pt>
File: bilder/k3/k3_context_mapper.png Graphic file (type png)
<use bilder/k3/k3_context_mapper.png>
Package pdftex.def Info: bilder/k3/k3_context_mapper.png  used on input line 29
.
(pdftex.def)             Requested size: 392.72456pt x 426.79134pt.


Package caption Warning: The option `hypcap=true' will be ignored for this
(caption)                particular \caption on input line 30.
See the caption package documentation for explanation.

[34]
<bilder/k3/k3_ocgi.jpg, id=565, 445.13203pt x 315.94142pt>
File: bilder/k3/k3_ocgi.jpg Graphic file (type jpg)
<use bilder/k3/k3_ocgi.jpg>
Package pdftex.def Info: bilder/k3/k3_ocgi.jpg  used on input line 39.
(pdftex.def)             Requested size: 400.87321pt x 284.52756pt.


Package caption Warning: The option `hypcap=true' will be ignored for this
(caption)                particular \caption on input line 40.
See the caption package documentation for explanation.

[35 <./bilder/k3/k3_context_mapper.png (PNG copy)>]
<bilder/k3/k3_argon.jpg, id=573, 133.6995pt x 231.9867pt>
File: bilder/k3/k3_argon.jpg Graphic file (type jpg)
<use bilder/k3/k3_argon.jpg>
Package pdftex.def Info: bilder/k3/k3_argon.jpg  used on input line 52.
(pdftex.def)             Requested size: 213.1891pt x 369.88582pt.


Package caption Warning: The option `hypcap=true' will be ignored for this
(caption)                particular \caption on input line 53.
See the caption package documentation for explanation.

[36 <./bilder/k3/k3_ocgi.jpg>] [37 <./bilder/k3/k3_argon.jpg>]
<bilder/todo.png, id=588, 462.528pt x 260.172pt>
File: bilder/todo.png Graphic file (type png)
<use bilder/todo.png>
Package pdftex.def Info: bilder/todo.png  used on input line 79.
(pdftex.def)             Requested size: 303.51207pt x 170.71652pt.


Package caption Warning: The option `hypcap=true' will be ignored for this
(caption)                particular \caption on input line 80.
See the caption package documentation for explanation.

File: bilder/todo.png Graphic file (type png)
<use bilder/todo.png>
Package pdftex.def Info: bilder/todo.png  used on input line 95.
(pdftex.def)             Requested size: 303.51207pt x 170.71652pt.

Package caption Warning: The option `hypcap=true' will be ignored for this
(caption)                particular \caption on input line 96.
See the caption package documentation for explanation.

[38 <./bilder/todo.png>]
File: bilder/todo.png Graphic file (type png)
<use bilder/todo.png>
Package pdftex.def Info: bilder/todo.png  used on input line 107.
(pdftex.def)             Requested size: 303.51207pt x 170.71652pt.


Package caption Warning: The option `hypcap=true' will be ignored for this
(caption)                particular \caption on input line 108.
See the caption package documentation for explanation.

[39]
File: bilder/todo.png Graphic file (type png)
<use bilder/todo.png>
Package pdftex.def Info: bilder/todo.png  used on input line 117.
(pdftex.def)             Requested size: 303.51207pt x 170.71652pt.


Package caption Warning: The option `hypcap=true' will be ignored for this
(caption)                particular \caption on input line 118.
See the caption package documentation for explanation.

File: bilder/todo.png Graphic file (type png)
<use bilder/todo.png>
Package pdftex.def Info: bilder/todo.png  used on input line 140.
(pdftex.def)             Requested size: 505.85345pt x 284.52756pt.

Package caption Warning: The option `hypcap=true' will be ignored for this
(caption)                particular \caption on input line 141.
See the caption package documentation for explanation.

[40] [41]
File: bilder/todo.png Graphic file (type png)
<use bilder/todo.png>
Package pdftex.def Info: bilder/todo.png  used on input line 152.
(pdftex.def)             Requested size: 303.51207pt x 170.71652pt.


Package caption Warning: The option `hypcap=true' will be ignored for this
(caption)                particular \caption on input line 153.
See the caption package documentation for explanation.

[42]
File: bilder/todo.png Graphic file (type png)
<use bilder/todo.png>
Package pdftex.def Info: bilder/todo.png  used on input line 171.
(pdftex.def)             Requested size: 303.51207pt x 170.71652pt.


Package caption Warning: The option `hypcap=true' will be ignored for this
(caption)                particular \caption on input line 172.
See the caption package documentation for explanation.

[43]
File: bilder/todo.png Graphic file (type png)
<use bilder/todo.png>
Package pdftex.def Info: bilder/todo.png  used on input line 184.
(pdftex.def)             Requested size: 303.51207pt x 170.71652pt.


Package caption Warning: The option `hypcap=true' will be ignored for this
(caption)                particular \caption on input line 185.
See the caption package documentation for explanation.

File: bilder/todo.png Graphic file (type png)
<use bilder/todo.png>
Package pdftex.def Info: bilder/todo.png  used on input line 194.
(pdftex.def)             Requested size: 303.51207pt x 170.71652pt.

Package caption Warning: The option `hypcap=true' will be ignored for this
(caption)                particular \caption on input line 195.
See the caption package documentation for explanation.

[44]
File: bilder/todo.png Graphic file (type png)
<use bilder/todo.png>
Package pdftex.def Info: bilder/todo.png  used on input line 205.
(pdftex.def)             Requested size: 303.51207pt x 170.71652pt.


Package caption Warning: The option `hypcap=true' will be ignored for this
(caption)                particular \caption on input line 206.
See the caption package documentation for explanation.

File: bilder/todo.png Graphic file (type png)
<use bilder/todo.png>
Package pdftex.def Info: bilder/todo.png  used on input line 215.
(pdftex.def)             Requested size: 303.51207pt x 170.71652pt.

Package caption Warning: The option `hypcap=true' will be ignored for this
(caption)                particular \caption on input line 216.
See the caption package documentation for explanation.

[45]
File: bilder/todo.png Graphic file (type png)
<use bilder/todo.png>
Package pdftex.def Info: bilder/todo.png  used on input line 226.
(pdftex.def)             Requested size: 303.51207pt x 170.71652pt.


Package caption Warning: The option `hypcap=true' will be ignored for this
(caption)                particular \caption on input line 227.
See the caption package documentation for explanation.

[46]
File: bilder/todo.png Graphic file (type png)
<use bilder/todo.png>
Package pdftex.def Info: bilder/todo.png  used on input line 240.
(pdftex.def)             Requested size: 303.51207pt x 170.71652pt.


Package caption Warning: The option `hypcap=true' will be ignored for this
(caption)                particular \caption on input line 241.
See the caption package documentation for explanation.

[47]
File: bilder/todo.png Graphic file (type png)
<use bilder/todo.png>
Package pdftex.def Info: bilder/todo.png  used on input line 254.
(pdftex.def)             Requested size: 303.51207pt x 170.71652pt.


Package caption Warning: The option `hypcap=true' will be ignored for this
(caption)                particular \caption on input line 255.
See the caption package documentation for explanation.

File: bilder/todo.png Graphic file (type png)
<use bilder/todo.png>
Package pdftex.def Info: bilder/todo.png  used on input line 264.
(pdftex.def)             Requested size: 303.51207pt x 170.71652pt.

Package caption Warning: The option `hypcap=true' will be ignored for this
(caption)                particular \caption on input line 265.
See the caption package documentation for explanation.

[48]
File: bilder/todo.png Graphic file (type png)
<use bilder/todo.png>
Package pdftex.def Info: bilder/todo.png  used on input line 275.
(pdftex.def)             Requested size: 303.51207pt x 170.71652pt.


Package caption Warning: The option `hypcap=true' will be ignored for this
(caption)                particular \caption on input line 276.
See the caption package documentation for explanation.

[49]
File: bilder/todo.png Graphic file (type png)
<use bilder/todo.png>
Package pdftex.def Info: bilder/todo.png  used on input line 285.
(pdftex.def)             Requested size: 505.85345pt x 284.52756pt.


Package caption Warning: The option `hypcap=true' will be ignored for this
(caption)                particular \caption on input line 286.
See the caption package documentation for explanation.

[50]
File: bilder/todo.png Graphic file (type png)
<use bilder/todo.png>
Package pdftex.def Info: bilder/todo.png  used on input line 300.
(pdftex.def)             Requested size: 303.51207pt x 170.71652pt.


Package caption Warning: The option `hypcap=true' will be ignored for this
(caption)                particular \caption on input line 301.
See the caption package documentation for explanation.

File: bilder/todo.png Graphic file (type png)
<use bilder/todo.png>
Package pdftex.def Info: bilder/todo.png  used on input line 310.
(pdftex.def)             Requested size: 303.51207pt x 170.71652pt.

Package caption Warning: The option `hypcap=true' will be ignored for this
(caption)                particular \caption on input line 311.
See the caption package documentation for explanation.

[51]
File: bilder/todo.png Graphic file (type png)
<use bilder/todo.png>
Package pdftex.def Info: bilder/todo.png  used on input line 321.
(pdftex.def)             Requested size: 303.51207pt x 170.71652pt.


Package caption Warning: The option `hypcap=true' will be ignored for this
(caption)                particular \caption on input line 322.
See the caption package documentation for explanation.

File: bilder/todo.png Graphic file (type png)
<use bilder/todo.png>
Package pdftex.def Info: bilder/todo.png  used on input line 331.
(pdftex.def)             Requested size: 303.51207pt x 170.71652pt.

Package caption Warning: The option `hypcap=true' will be ignored for this
(caption)                particular \caption on input line 332.
See the caption package documentation for explanation.

[52]
File: bilder/todo.png Graphic file (type png)
<use bilder/todo.png>
Package pdftex.def Info: bilder/todo.png  used on input line 342.
(pdftex.def)             Requested size: 303.51207pt x 170.71652pt.


Package caption Warning: The option `hypcap=true' will be ignored for this
(caption)                particular \caption on input line 343.
See the caption package documentation for explanation.

File: bilder/todo.png Graphic file (type png)
<use bilder/todo.png>
Package pdftex.def Info: bilder/todo.png  used on input line 352.
(pdftex.def)             Requested size: 303.51207pt x 170.71652pt.

Package caption Warning: The option `hypcap=true' will be ignored for this
(caption)                particular \caption on input line 353.
See the caption package documentation for explanation.

[53]
File: bilder/todo.png Graphic file (type png)
<use bilder/todo.png>
Package pdftex.def Info: bilder/todo.png  used on input line 363.
(pdftex.def)             Requested size: 303.51207pt x 170.71652pt.


Package caption Warning: The option `hypcap=true' will be ignored for this
(caption)                particular \caption on input line 364.
See the caption package documentation for explanation.

File: bilder/todo.png Graphic file (type png)
<use bilder/todo.png>
Package pdftex.def Info: bilder/todo.png  used on input line 373.
(pdftex.def)             Requested size: 303.51207pt x 170.71652pt.

Package caption Warning: The option `hypcap=true' will be ignored for this
(caption)                particular \caption on input line 374.
See the caption package documentation for explanation.

[54]
File: bilder/todo.png Graphic file (type png)
<use bilder/todo.png>
Package pdftex.def Info: bilder/todo.png  used on input line 384.
(pdftex.def)             Requested size: 303.51207pt x 170.71652pt.


Package caption Warning: The option `hypcap=true' will be ignored for this
(caption)                particular \caption on input line 385.
See the caption package documentation for explanation.

File: bilder/todo.png Graphic file (type png)
<use bilder/todo.png>
Package pdftex.def Info: bilder/todo.png  used on input line 394.
(pdftex.def)             Requested size: 303.51207pt x 170.71652pt.

Package caption Warning: The option `hypcap=true' will be ignored for this
(caption)                particular \caption on input line 395.
See the caption package documentation for explanation.

[55]
File: bilder/todo.png Graphic file (type png)
<use bilder/todo.png>
Package pdftex.def Info: bilder/todo.png  used on input line 405.
(pdftex.def)             Requested size: 303.51207pt x 170.71652pt.


Package caption Warning: The option `hypcap=true' will be ignored for this
(caption)                particular \caption on input line 406.
See the caption package documentation for explanation.

File: bilder/todo.png Graphic file (type png)
<use bilder/todo.png>
Package pdftex.def Info: bilder/todo.png  used on input line 415.
(pdftex.def)             Requested size: 303.51207pt x 170.71652pt.

Package caption Warning: The option `hypcap=true' will be ignored for this
(caption)                particular \caption on input line 416.
See the caption package documentation for explanation.

[56]
File: bilder/todo.png Graphic file (type png)
<use bilder/todo.png>
Package pdftex.def Info: bilder/todo.png  used on input line 426.
(pdftex.def)             Requested size: 303.51207pt x 170.71652pt.


Package caption Warning: The option `hypcap=true' will be ignored for this
(caption)                particular \caption on input line 427.
See the caption package documentation for explanation.

File: bilder/todo.png Graphic file (type png)
<use bilder/todo.png>
Package pdftex.def Info: bilder/todo.png  used on input line 436.
(pdftex.def)             Requested size: 303.51207pt x 170.71652pt.

Package caption Warning: The option `hypcap=true' will be ignored for this
(caption)                particular \caption on input line 437.
See the caption package documentation for explanation.

[57]
File: bilder/todo.png Graphic file (type png)
<use bilder/todo.png>
Package pdftex.def Info: bilder/todo.png  used on input line 447.
(pdftex.def)             Requested size: 303.51207pt x 170.71652pt.


Package caption Warning: The option `hypcap=true' will be ignored for this
(caption)                particular \caption on input line 448.
See the caption package documentation for explanation.

[58]
File: bilder/todo.png Graphic file (type png)
<use bilder/todo.png>
Package pdftex.def Info: bilder/todo.png  used on input line 457.
(pdftex.def)             Requested size: 505.85345pt x 284.52756pt.


Package caption Warning: The option `hypcap=true' will be ignored for this
(caption)                particular \caption on input line 458.
See the caption package documentation for explanation.

[59]
File: bilder/todo.png Graphic file (type png)
<use bilder/todo.png>
Package pdftex.def Info: bilder/todo.png  used on input line 473.
(pdftex.def)             Requested size: 303.51207pt x 170.71652pt.


Package caption Warning: The option `hypcap=true' will be ignored for this
(caption)                particular \caption on input line 474.
See the caption package documentation for explanation.

[60]
File: bilder/todo.png Graphic file (type png)
<use bilder/todo.png>
Package pdftex.def Info: bilder/todo.png  used on input line 486.
(pdftex.def)             Requested size: 303.51207pt x 170.71652pt.


Package caption Warning: The option `hypcap=true' will be ignored for this
(caption)                particular \caption on input line 487.
See the caption package documentation for explanation.

[61]
File: bilder/todo.png Graphic file (type png)
<use bilder/todo.png>
Package pdftex.def Info: bilder/todo.png  used on input line 497.
(pdftex.def)             Requested size: 303.51207pt x 170.71652pt.


Package caption Warning: The option `hypcap=true' will be ignored for this
(caption)                particular \caption on input line 498.
See the caption package documentation for explanation.

[62]
File: bilder/todo.png Graphic file (type png)
<use bilder/todo.png>
Package pdftex.def Info: bilder/todo.png  used on input line 510.
(pdftex.def)             Requested size: 303.51207pt x 170.71652pt.


Package caption Warning: The option `hypcap=true' will be ignored for this
(caption)                particular \caption on input line 511.
See the caption package documentation for explanation.

[63]) (./kapitel/k4_generierung.tex [64]
chapter 5.
Package microtype Info: Loading generic protrusion settings for font family
(microtype)             `cmtt' (encoding: OT1).
(microtype)             For optimal results, create family-specific settings.
(microtype)             See the microtype manual for details.
) (./kapitel/k5_anwendung.tex [65


] [66


]
chapter 6.
) (./kapitel/k6_diskussion.tex [67] [68


]
chapter 7.
) (./kapitel/k7_schluss.tex [69] [70


]
chapter 8.
) [71] (./ba.bbl [72


]
LaTeX Font Info:    Font shape `OT1/phv/m/it' in size <10.95> not available
(Font)              Font shape `OT1/phv/m/sl' tried instead on input line 6.
LaTeX Info: Symbol \textasciiacute not provided by
            font family phv in TS1 encoding.
            Default family used instead on input line 61.
Package microtype Info: Loading generic protrusion settings for font family
(microtype)             `cmss' (encoding: OT1).
(microtype)             For optimal results, create family-specific settings.
(microtype)             See the microtype manual for details.
LaTeX Font Info:    Trying to load font information for TS1+cmss on input line 
61.
 (/usr/share/texlive/texmf-dist/tex/latex/base/ts1cmss.fd
File: ts1cmss.fd 2019/12/16 v2.5j Standard LaTeX font definitions
)
Package microtype Info: Loading generic protrusion settings for font family
(microtype)             `cmss' (encoding: TS1).
(microtype)             For optimal results, create family-specific settings.
(microtype)             See the microtype manual for details.
[73]
Underfull \hbox (badness 1629) in paragraph at lines 163--167
[]\OT1/phv/m/n/10.95 (+20) Eberhard Wolff.  \OT1/phv/m/sl/10.95 (+20) Mi-cro-se
r-vices: Grund-la-gen fle-xibler Soft-wa-rear-chi-tek-tu-ren\OT1/phv/m/n/10.95 
(+20) .
 []

[74]) [75] (./ba.aux)
Package rerunfilecheck Info: File `ba.out' has not changed.
(rerunfilecheck)             Checksum: D41D8CD98F00B204E9800998ECF8427E;0.
 )
(\end occurred inside a group at level 1)

### simple group (level 1) entered at line 24 ({)
### bottom level 
Here is how much of TeX's memory you used:
 19079 strings out of 476175
 366626 string characters out of 5796271
 1867793 words of memory out of 6000000
 38512 multiletter control sequences out of 15000+600000
 540681 words of font info for 208 fonts, out of 8000000 for 9000
 1137 hyphenation exceptions out of 8191
 108i,20n,106p,10705b,852s stack positions out of 10000i,1000n,20000p,200000b,200000s
{/usr/share/texlive/texmf-dist/fonts/enc/dvips/cm-super/cm-supe
r-ts1.enc}{/usr/share/texlive/texmf-dist/fonts/enc/dvips/base/8r.enc}</usr/shar
e/texlive/texmf-dist/fonts/type1/public/amsfonts/cm/cmr8.pfb></usr/share/texliv
e/texmf-dist/fonts/type1/public/amsfonts/cm/cmtt10.pfb></usr/share/texlive/texm
f-dist/fonts/type1/public/cm-super/sfss1095.pfb></usr/share/texlive/texmf-dist/
fonts/type1/urw/helvetic/uhvb8a.pfb></usr/share/texlive/texmf-dist/fonts/type1/
urw/helvetic/uhvr8a.pfb></usr/share/texlive/texmf-dist/fonts/type1/urw/helvetic
/uhvro8a.pfb>
Output written on ba.pdf (78 pages, 1892260 bytes).
PDF statistics:
 1137 PDF objects out of 1200 (max. 8388607)
 1006 compressed objects within 11 object streams
 371 named destinations out of 1000 (max. 500000)
 46997 words of extra memory for PDF output out of 51595 (max. 10000000)

