This is pdfTeX, Version 3.141592653-2.6-1.40.24 (TeX Live 2022/CVE-2023-32700 patched) (preloaded format=pdflatex 2023.12.4)  30 JAN 2024 04:31
entering extended mode
 restricted \write18 enabled.
 %&-line parsing enabled.
**ba.tex
(./ba.tex
LaTeX2e <2022-06-01> patch level 5
L3 programming layer <2022-12-17>
(/usr/share/texlive/texmf-dist/tex/latex/koma-script/scrbook.cls
Document Class: scrbook 2022/10/12 v3.38 KOMA-Script document class (book)
(/usr/share/texlive/texmf-dist/tex/latex/koma-script/scrkbase.sty
Package: scrkbase 2022/10/12 v3.38 KOMA-Script package (KOMA-Script-dependent b
asics and keyval usage)

(/usr/share/texlive/texmf-dist/tex/latex/koma-script/scrbase.sty
Package: scrbase 2022/10/12 v3.38 KOMA-Script package (KOMA-Script-independent 
basics and keyval usage)

(/usr/share/texlive/texmf-dist/tex/latex/koma-script/scrlfile.sty
Package: scrlfile 2022/10/12 v3.38 KOMA-Script package (file load hooks)

(/usr/share/texlive/texmf-dist/tex/latex/koma-script/scrlfile-hook.sty
Package: scrlfile-hook 2022/10/12 v3.38 KOMA-Script package (using LaTeX hooks)


(/usr/share/texlive/texmf-dist/tex/latex/koma-script/scrlogo.sty
Package: scrlogo 2022/10/12 v3.38 KOMA-Script package (logo)
)))
(/usr/share/texlive/texmf-dist/tex/latex/graphics/keyval.sty
Package: keyval 2022/05/29 v1.15 key=value parser (DPC)
\KV@toks@=\toks16
)
Applying: [2021/05/01] Usage of raw or classic option list on input line 252.
Already applied: [0000/00/00] Usage of raw or classic option list on input line
 368.
))
(/usr/share/texlive/texmf-dist/tex/latex/koma-script/tocbasic.sty
Package: tocbasic 2022/10/12 v3.38 KOMA-Script package (handling toc-files)
\scr@dte@tocline@numberwidth=\skip47
\scr@dte@tocline@numbox=\box51
)
Package tocbasic Info: omitting babel extension for `toc'
(tocbasic)             because of feature `nobabel' available
(tocbasic)             for `toc' on input line 137.
Package scrbook Info: You've used standard option `11pt'.
(scrbook)             This is correct!
(scrbook)             Internally I'm using `fontsize=11pt'.
(scrbook)             If you'd like to set the option with \KOMAoptions,
(scrbook)             you'd have to use `fontsize=11pt' there
(scrbook)             instead of `11pt', too.
Class scrbook Info: File `scrsize11pt.clo' used to setup font sizes on input li
ne 2617.

(/usr/share/texlive/texmf-dist/tex/latex/koma-script/scrsize11pt.clo
File: scrsize11pt.clo 2022/10/12 v3.38 KOMA-Script font size class option (11pt
)
)
(/usr/share/texlive/texmf-dist/tex/latex/koma-script/typearea.sty
Package: typearea 2022/10/12 v3.38 KOMA-Script package (type area)
\ta@bcor=\skip48
\ta@div=\count185
\ta@hblk=\skip49
\ta@vblk=\skip50
\ta@temp=\skip51
\footheight=\skip52
Package typearea Info: These are the values describing the layout:
(typearea)             DIV  = 10
(typearea)             BCOR = 0.0pt
(typearea)             \paperwidth      = 597.50793pt
(typearea)              \textwidth      = 418.25555pt
(typearea)              DIV departure   = -6%
(typearea)              \evensidemargin = 47.2316pt
(typearea)              \oddsidemargin  = -12.5192pt
(typearea)             \paperheight     = 845.04694pt
(typearea)              \textheight     = 595.80026pt
(typearea)              \topmargin      = -25.16531pt
(typearea)              \headheight     = 17.0pt
(typearea)              \headsep        = 20.40001pt
(typearea)              \topskip        = 11.0pt
(typearea)              \footskip       = 47.6pt
(typearea)              \baselineskip   = 13.6pt
(typearea)              on input line 1767.
)
\c@part=\count186
\c@chapter=\count187
\c@section=\count188
\c@subsection=\count189
\c@subsubsection=\count190
\c@paragraph=\count191
\c@subparagraph=\count192
\scr@dte@chapter@maxnumwidth=\skip53
Class scrbook Info: using compatibility default `afterindent=bysign'
(scrbook)           for `\chapter on input line 5898.
\scr@dte@section@maxnumwidth=\skip54
Class scrbook Info: using compatibility default `runin=bysign'
(scrbook)           for `\section on input line 5909.
Class scrbook Info: using compatibility default `afterindent=bysign'
(scrbook)           for `\section on input line 5909.
\scr@dte@part@maxnumwidth=\skip55
Class scrbook Info: using compatibility default `afterindent=true'
(scrbook)           for `\part on input line 5918.
\scr@dte@subsection@maxnumwidth=\skip56
Class scrbook Info: using compatibility default `runin=bysign'
(scrbook)           for `\subsection on input line 5928.
Class scrbook Info: using compatibility default `afterindent=bysign'
(scrbook)           for `\subsection on input line 5928.
\scr@dte@subsubsection@maxnumwidth=\skip57
Class scrbook Info: using compatibility default `runin=bysign'
(scrbook)           for `\subsubsection on input line 5938.
Class scrbook Info: using compatibility default `afterindent=bysign'
(scrbook)           for `\subsubsection on input line 5938.
\scr@dte@paragraph@maxnumwidth=\skip58
Class scrbook Info: using compatibility default `runin=bysign'
(scrbook)           for `\paragraph on input line 5949.
Class scrbook Info: using compatibility default `afterindent=bysign'
(scrbook)           for `\paragraph on input line 5949.
\scr@dte@subparagraph@maxnumwidth=\skip59
Class scrbook Info: using compatibility default `runin=bysign'
(scrbook)           for `\subparagraph on input line 5959.
Class scrbook Info: using compatibility default `afterindent=bysign'
(scrbook)           for `\subparagraph on input line 5959.
\abovecaptionskip=\skip60
\belowcaptionskip=\skip61
\c@pti@nb@sid@b@x=\box52
Package tocbasic Info: omitting babel extension for `lof'
(tocbasic)             because of feature `nobabel' available
(tocbasic)             for `lof' on input line 7142.
\scr@dte@figure@maxnumwidth=\skip62
\c@figure=\count193
Package tocbasic Info: omitting babel extension for `lot'
(tocbasic)             because of feature `nobabel' available
(tocbasic)             for `lot' on input line 7159.
\scr@dte@table@maxnumwidth=\skip63
\c@table=\count194
Class scrbook Info: Redefining `\numberline' on input line 7330.
\bibindent=\dimen140
)
(/usr/share/texlive/texmf-dist/tex/latex/hyperref/hyperref.sty
Package: hyperref 2022-11-13 v7.00u Hypertext links for LaTeX

(/usr/share/texlive/texmf-dist/tex/generic/ltxcmds/ltxcmds.sty
Package: ltxcmds 2020-05-10 v1.25 LaTeX kernel commands for general use (HO)
)
(/usr/share/texlive/texmf-dist/tex/generic/iftex/iftex.sty
Package: iftex 2022/02/03 v1.0f TeX engine tests
)
(/usr/share/texlive/texmf-dist/tex/generic/pdftexcmds/pdftexcmds.sty
Package: pdftexcmds 2020-06-27 v0.33 Utility functions of pdfTeX for LuaTeX (HO
)

(/usr/share/texlive/texmf-dist/tex/generic/infwarerr/infwarerr.sty
Package: infwarerr 2019/12/03 v1.5 Providing info/warning/error messages (HO)
)
Package pdftexcmds Info: \pdf@primitive is available.
Package pdftexcmds Info: \pdf@ifprimitive is available.
Package pdftexcmds Info: \pdfdraftmode found.
)
(/usr/share/texlive/texmf-dist/tex/latex/kvsetkeys/kvsetkeys.sty
Package: kvsetkeys 2022-10-05 v1.19 Key value parser (HO)
)
(/usr/share/texlive/texmf-dist/tex/generic/kvdefinekeys/kvdefinekeys.sty
Package: kvdefinekeys 2019-12-19 v1.6 Define keys (HO)
)
(/usr/share/texlive/texmf-dist/tex/generic/pdfescape/pdfescape.sty
Package: pdfescape 2019/12/09 v1.15 Implements pdfTeX's escape features (HO)
)
(/usr/share/texlive/texmf-dist/tex/latex/hycolor/hycolor.sty
Package: hycolor 2020-01-27 v1.10 Color options for hyperref/bookmark (HO)
)
(/usr/share/texlive/texmf-dist/tex/latex/letltxmacro/letltxmacro.sty
Package: letltxmacro 2019/12/03 v1.6 Let assignment for LaTeX macros (HO)
)
(/usr/share/texlive/texmf-dist/tex/latex/auxhook/auxhook.sty
Package: auxhook 2019-12-17 v1.6 Hooks for auxiliary files (HO)
)
(/usr/share/texlive/texmf-dist/tex/latex/hyperref/nameref.sty
Package: nameref 2022-05-17 v2.50 Cross-referencing by name of section

(/usr/share/texlive/texmf-dist/tex/latex/refcount/refcount.sty
Package: refcount 2019/12/15 v3.6 Data extraction from label references (HO)
)
(/usr/share/texlive/texmf-dist/tex/generic/gettitlestring/gettitlestring.sty
Package: gettitlestring 2019/12/15 v1.6 Cleanup title references (HO)

(/usr/share/texlive/texmf-dist/tex/latex/kvoptions/kvoptions.sty
Package: kvoptions 2022-06-15 v3.15 Key value format for package options (HO)
))
\c@section@level=\count195
)
\@linkdim=\dimen141
\Hy@linkcounter=\count196
\Hy@pagecounter=\count197

(/usr/share/texlive/texmf-dist/tex/latex/hyperref/pd1enc.def
File: pd1enc.def 2022-11-13 v7.00u Hyperref: PDFDocEncoding definition (HO)
Now handling font encoding PD1 ...
... no UTF-8 mapping file for font encoding PD1
)
(/usr/share/texlive/texmf-dist/tex/generic/intcalc/intcalc.sty
Package: intcalc 2019/12/15 v1.3 Expandable calculations with integers (HO)
)
(/usr/share/texlive/texmf-dist/tex/generic/etexcmds/etexcmds.sty
Package: etexcmds 2019/12/15 v1.7 Avoid name clashes with e-TeX commands (HO)
)
\Hy@SavedSpaceFactor=\count198

(/usr/share/texlive/texmf-dist/tex/latex/hyperref/puenc.def
File: puenc.def 2022-11-13 v7.00u Hyperref: PDF Unicode definition (HO)
Now handling font encoding PU ...
... no UTF-8 mapping file for font encoding PU
)
Package hyperref Info: Option `breaklinks' set `true' on input line 4045.
Package hyperref Info: Option `colorlinks' set `true' on input line 4045.
Package hyperref Info: Hyper figures OFF on input line 4162.
Package hyperref Info: Link nesting OFF on input line 4167.
Package hyperref Info: Hyper index ON on input line 4170.
Package hyperref Info: Plain pages OFF on input line 4177.
Package hyperref Info: Backreferencing OFF on input line 4182.
Package hyperref Info: Implicit mode ON; LaTeX internals redefined.
Package hyperref Info: Bookmarks ON on input line 4410.
\c@Hy@tempcnt=\count199

(/usr/share/texlive/texmf-dist/tex/latex/url/url.sty
\Urlmuskip=\muskip16
Package: url 2013/09/16  ver 3.4  Verb mode for urls, etc.
)
LaTeX Info: Redefining \url on input line 4748.
\XeTeXLinkMargin=\dimen142

(/usr/share/texlive/texmf-dist/tex/generic/bitset/bitset.sty
Package: bitset 2019/12/09 v1.3 Handle bit-vector datatype (HO)

(/usr/share/texlive/texmf-dist/tex/generic/bigintcalc/bigintcalc.sty
Package: bigintcalc 2019/12/15 v1.5 Expandable calculations on big integers (HO
)
))
\Fld@menulength=\count266
\Field@Width=\dimen143
\Fld@charsize=\dimen144
Package hyperref Info: Hyper figures OFF on input line 6027.
Package hyperref Info: Link nesting OFF on input line 6032.
Package hyperref Info: Hyper index ON on input line 6035.
Package hyperref Info: backreferencing OFF on input line 6042.
Package hyperref Info: Link coloring ON on input line 6045.
Package hyperref Info: Link coloring with OCG OFF on input line 6052.
Package hyperref Info: PDF/A mode OFF on input line 6057.

(/usr/share/texlive/texmf-dist/tex/latex/base/atbegshi-ltx.sty
Package: atbegshi-ltx 2021/01/10 v1.0c Emulation of the original atbegshi
package with kernel methods
)
\Hy@abspage=\count267
\c@Item=\count268
\c@Hfootnote=\count269
)
Package hyperref Info: Driver (autodetected): hpdftex.

(/usr/share/texlive/texmf-dist/tex/latex/hyperref/hpdftex.def
File: hpdftex.def 2022-11-13 v7.00u Hyperref driver for pdfTeX

(/usr/share/texlive/texmf-dist/tex/latex/base/atveryend-ltx.sty
Package: atveryend-ltx 2020/08/19 v1.0a Emulation of the original atveryend pac
kage
with kernel methods
)
\Fld@listcount=\count270
\c@bookmark@seq@number=\count271

(/usr/share/texlive/texmf-dist/tex/latex/rerunfilecheck/rerunfilecheck.sty
Package: rerunfilecheck 2022-07-10 v1.10 Rerun checks for auxiliary files (HO)

(/usr/share/texlive/texmf-dist/tex/generic/uniquecounter/uniquecounter.sty
Package: uniquecounter 2019/12/15 v1.4 Provide unlimited unique counter (HO)
)
Package uniquecounter Info: New unique counter `rerunfilecheck' on input line 2
85.
)
\Hy@SectionHShift=\skip64
)
(/usr/share/texlive/texmf-dist/tex/latex/psnfss/helvet.sty
Package: helvet 2020/03/25 PSNFSS-v9.3 (WaS) 
)
(/usr/share/texlive/texmf-dist/tex/latex/graphics/graphicx.sty
Package: graphicx 2021/09/16 v1.2d Enhanced LaTeX Graphics (DPC,SPQR)

(/usr/share/texlive/texmf-dist/tex/latex/graphics/graphics.sty
Package: graphics 2022/03/10 v1.4e Standard LaTeX Graphics (DPC,SPQR)

(/usr/share/texlive/texmf-dist/tex/latex/graphics/trig.sty
Package: trig 2021/08/11 v1.11 sin cos tan (DPC)
)
(/usr/share/texlive/texmf-dist/tex/latex/graphics-cfg/graphics.cfg
File: graphics.cfg 2016/06/04 v1.11 sample graphics configuration
)
Package graphics Info: Driver file: pdftex.def on input line 107.

(/usr/share/texlive/texmf-dist/tex/latex/graphics-def/pdftex.def
File: pdftex.def 2022/09/22 v1.2b Graphics/color driver for pdftex
))
\Gin@req@height=\dimen145
\Gin@req@width=\dimen146
)
(/usr/share/texlive/texmf-dist/tex/latex/graphics/color.sty
Package: color 2022/01/06 v1.3d Standard LaTeX Color (DPC)

(/usr/share/texlive/texmf-dist/tex/latex/graphics-cfg/color.cfg
File: color.cfg 2016/01/02 v1.6 sample color configuration
)
Package color Info: Driver file: pdftex.def on input line 149.

(/usr/share/texlive/texmf-dist/tex/latex/graphics/mathcolor.ltx))
(/usr/share/texlive/texmf-dist/tex/latex/base/inputenc.sty
Package: inputenc 2021/02/14 v1.3d Input encoding file
\inpenc@prehook=\toks17
\inpenc@posthook=\toks18
)
(/usr/share/texlive/texmf-dist/tex/latex/tools/verbatim.sty
Package: verbatim 2022-07-02 v1.5u LaTeX2e package for verbatim enhancements
\every@verbatim=\toks19
\verbatim@line=\toks20
\verbatim@in@stream=\read2
)
(/usr/share/texlive/texmf-dist/tex/latex/caption/caption.sty
Package: caption 2022/03/01 v3.6b Customizing captions (AR)

(/usr/share/texlive/texmf-dist/tex/latex/caption/caption3.sty
Package: caption3 2022/03/17 v2.3b caption3 kernel (AR)
\caption@tempdima=\dimen147
\captionmargin=\dimen148
\caption@leftmargin=\dimen149
\caption@rightmargin=\dimen150
\caption@width=\dimen151
\caption@indent=\dimen152
\caption@parindent=\dimen153
\caption@hangindent=\dimen154
Package caption Info: KOMA-Script document class detected.

(/usr/share/texlive/texmf-dist/tex/latex/caption/caption-koma.sto
File: caption-koma.sto 2020/09/21 v2.0b Adaption of the caption package to the 
KOMA-Script document classes (AR)
))
\c@caption@flags=\count272
\c@continuedfloat=\count273
Package caption Info: hyperref package is loaded.
)
(/usr/share/texlive/texmf-dist/tex/latex/base/latexsym.sty
Package: latexsym 1998/08/17 v2.2e Standard LaTeX package (lasy symbols)
\symlasy=\mathgroup4
LaTeX Font Info:    Overwriting symbol font `lasy' in version `bold'
(Font)                  U/lasy/m/n --> U/lasy/b/n on input line 52.
)
(/usr/share/texlive/texmf-dist/tex/latex/setspace/setspace.sty
Package: setspace 2022/12/04 v6.7b set line spacing
)
(/usr/share/texlive/texmf-dist/tex/latex/microtype/microtype.sty
Package: microtype 2022/06/23 v3.0f Micro-typographical refinements (RS)

(/usr/share/texlive/texmf-dist/tex/latex/etoolbox/etoolbox.sty
Package: etoolbox 2020/10/05 v2.5k e-TeX tools for LaTeX (JAW)
\etb@tempcnta=\count274
)
\MT@toks=\toks21
\MT@tempbox=\box53
\MT@count=\count275
LaTeX Info: Redefining \noprotrusionifhmode on input line 1045.
LaTeX Info: Redefining \leftprotrusion on input line 1046.
LaTeX Info: Redefining \rightprotrusion on input line 1056.
LaTeX Info: Redefining \textls on input line 1234.
\MT@outer@kern=\dimen155
LaTeX Info: Redefining \textmicrotypecontext on input line 1858.
\MT@listname@count=\count276

(/usr/share/texlive/texmf-dist/tex/latex/microtype/microtype-pdftex.def
File: microtype-pdftex.def 2022/06/23 v3.0f Definitions specific to pdftex (RS)

LaTeX Info: Redefining \lsstyle on input line 900.
LaTeX Info: Redefining \lslig on input line 900.
\MT@outer@space=\skip65
)
Package microtype Info: Loading configuration file microtype.cfg.

(/usr/share/texlive/texmf-dist/tex/latex/microtype/microtype.cfg
File: microtype.cfg 2022/06/23 v3.0f microtype main configuration file (RS)
))
(/usr/share/texlive/texmf-dist/tex/latex/tools/tabularx.sty
Package: tabularx 2020/01/15 v2.11c `tabularx' package (DPC)

(/usr/share/texlive/texmf-dist/tex/latex/tools/array.sty
Package: array 2022/09/04 v2.5g Tabular extension package (FMi)
\col@sep=\dimen156
\ar@mcellbox=\box54
\extrarowheight=\dimen157
\NC@list=\toks22
\extratabsurround=\skip66
\backup@length=\skip67
\ar@cellbox=\box55
)
\TX@col@width=\dimen158
\TX@old@table=\dimen159
\TX@old@col=\dimen160
\TX@target=\dimen161
\TX@delta=\dimen162
\TX@cols=\count277
\TX@ftn=\toks23
)
(/usr/share/texlive/texmf-dist/tex/latex/enumitem/enumitem.sty
Package: enumitem 2019/06/20 v3.9 Customized lists
\labelindent=\skip68
\enit@outerparindent=\dimen163
\enit@toks=\toks24
\enit@inbox=\box56
\enit@count@id=\count278
\enitdp@description=\count279
)
(/usr/share/texlive/texmf-dist/tex/latex/underscore/underscore.sty
Package: underscore 2006/09/13
LaTeX Info: Redefining \_ on input line 42.
)
(/usr/share/texlive/texmf-dist/tex/latex/koma-script/scrlayer-scrpage.sty
Package: scrlayer-scrpage 2022/10/12 v3.38 KOMA-Script package (end user interf
ace for scrlayer)

(/usr/share/texlive/texmf-dist/tex/latex/koma-script/scrlayer.sty
Package: scrlayer 2022/10/12 v3.38 KOMA-Script package (defining layers and pag
e styles)
Package scrlayer Info: patching LaTeX kernel macro \pagestyle on input line 217
6.
)
Package scrlayer-scrpage Info: Makeing stand-alone element `pagehead' from
(scrlayer-scrpage)             alias to `pageheadfoot' on input line 1089.
)
1: section
1: chapter
1: chapter
1: section
(/usr/share/texlive/texmf-dist/tex/generic/babel/babel.sty
Package: babel 2022/12/26 3.84 The Babel package
\babel@savecnt=\count280
\U@D=\dimen164
\l@unhyphenated=\language86

(/usr/share/texlive/texmf-dist/tex/generic/babel/txtbabel.def)
\bbl@readstream=\read3
\bbl@dirlevel=\count281

(/usr/share/texlive/texmf-dist/tex/generic/babel-german/ngerman.ldf
Language: ngerman 2021/02/27 v2.13 German support for babel (post-1996 orthogra
phy)

(/usr/share/texlive/texmf-dist/tex/generic/babel-german/ngermanb.ldf
Language: ngermanb 2021/02/27 v2.13 German support for babel (post-1996 orthogr
aphy)
Package babel Info: Making " an active character on input line 122.
)))
(/usr/share/texlive/texmf-dist/tex/generic/babel/locale/de/babel-ngerman.tex
Package babel Info: Importing font and identification data for ngerman
(babel)             from babel-de.ini. Reported on input line 11.
)
(/usr/share/texlive/texmf-dist/tex/latex/blindtext/blindtext.sty
Package: blindtext 2012/01/06 V2.0 blindtext-Package

(/usr/share/texlive/texmf-dist/tex/latex/tools/xspace.sty
Package: xspace 2014/10/28 v1.13 Space after command names (DPC,MH)
)
\c@blindtext=\count282
\c@Blindtext=\count283
\c@blind@countparstart=\count284
\blind@countxx=\count285
\blindtext@numBlindtext=\count286
\blind@countyy=\count287
\c@blindlist=\count288
\c@blindlistlevel=\count289
\c@blindlist@level=\count290
\blind@listitem=\count291
\c@blind@listcount=\count292
\c@blind@levelcount=\count293
\blind@mathformula=\count294
\blind@Mathformula=\count295
\c@blind@randomcount=\count296
\c@blind@randommax=\count297
\c@blind@pangramcount=\count298
\c@blind@pangrammax=\count299
)
(/usr/share/texlive/texmf-dist/tex/latex/listings/listings.sty
\lst@mode=\count300
\lst@gtempboxa=\box57
\lst@token=\toks25
\lst@length=\count301
\lst@currlwidth=\dimen165
\lst@column=\count302
\lst@pos=\count303
\lst@lostspace=\dimen166
\lst@width=\dimen167
\lst@newlines=\count304
\lst@lineno=\count305
\lst@maxwidth=\dimen168

(/usr/share/texlive/texmf-dist/tex/latex/listings/lstmisc.sty
File: lstmisc.sty 2020/03/24 1.8d (Carsten Heinz)
\c@lstnumber=\count306
\lst@skipnumbers=\count307
\lst@framebox=\box58
)
(/usr/share/texlive/texmf-dist/tex/latex/listings/listings.cfg
File: listings.cfg 2020/03/24 1.8d listings configuration
))
Package: listings 2020/03/24 1.8d (Carsten Heinz)

(/usr/share/texlive/texmf-dist/tex/latex/xcolor/xcolor.sty
Package: xcolor 2022/06/12 v2.14 LaTeX color extensions (UK)

(/usr/share/texlive/texmf-dist/tex/latex/graphics-cfg/color.cfg
File: color.cfg 2016/01/02 v1.6 sample color configuration
)
Package xcolor Info: Driver file: pdftex.def on input line 227.
LaTeX Info: Redefining \color on input line 711.

(/usr/share/texlive/texmf-dist/tex/latex/graphics/mathcolor.ltx)
Package xcolor Info: Model `cmy' substituted by `cmy0' on input line 1353.
Package xcolor Info: Model `hsb' substituted by `rgb' on input line 1357.
Package xcolor Info: Model `RGB' extended on input line 1369.
Package xcolor Info: Model `HTML' substituted by `rgb' on input line 1371.
Package xcolor Info: Model `Hsb' substituted by `hsb' on input line 1372.
Package xcolor Info: Model `tHsb' substituted by `hsb' on input line 1373.
Package xcolor Info: Model `HSB' substituted by `hsb' on input line 1374.
Package xcolor Info: Model `Gray' substituted by `gray' on input line 1375.
Package xcolor Info: Model `wave' substituted by `hsb' on input line 1376.
)
(/usr/share/texlive/texmf-dist/tex/latex/listings/lstlang1.sty
File: lstlang1.sty 2020/03/24 1.8d listings language file
)
(./kapitel/profile.tex)
LaTeX Font Info:    Trying to load font information for OT1+phv on input line 7
9.

(/usr/share/texlive/texmf-dist/tex/latex/psnfss/ot1phv.fd
File: ot1phv.fd 2020/03/25 scalable font definitions for OT1/phv.
)
(/usr/share/texlive/texmf-dist/tex/latex/l3backend/l3backend-pdftex.def
File: l3backend-pdftex.def 2022-10-26 L3 backend support: PDF output (pdfTeX)
\l__color_backend_stack_int=\count308
\l__pdf_internal_box=\box59
)
(./ba.aux)
\openout1 = `ba.aux'.

LaTeX Font Info:    Checking defaults for OML/cmm/m/it on input line 79.
LaTeX Font Info:    ... okay on input line 79.
LaTeX Font Info:    Checking defaults for OMS/cmsy/m/n on input line 79.
LaTeX Font Info:    ... okay on input line 79.
LaTeX Font Info:    Checking defaults for OT1/cmr/m/n on input line 79.
LaTeX Font Info:    ... okay on input line 79.
LaTeX Font Info:    Checking defaults for T1/cmr/m/n on input line 79.
LaTeX Font Info:    ... okay on input line 79.
LaTeX Font Info:    Checking defaults for TS1/cmr/m/n on input line 79.
LaTeX Font Info:    ... okay on input line 79.
LaTeX Font Info:    Checking defaults for OMX/cmex/m/n on input line 79.
LaTeX Font Info:    ... okay on input line 79.
LaTeX Font Info:    Checking defaults for U/cmr/m/n on input line 79.
LaTeX Font Info:    ... okay on input line 79.
LaTeX Font Info:    Checking defaults for PD1/pdf/m/n on input line 79.
LaTeX Font Info:    ... okay on input line 79.
LaTeX Font Info:    Checking defaults for PU/pdf/m/n on input line 79.
LaTeX Font Info:    ... okay on input line 79.
Package hyperref Info: Link coloring ON on input line 79.
 (./ba.out) (./ba.out)
\@outlinefile=\write3
\openout3 = `ba.out'.

Class scrbook Info: loading recommended package `bookmark'.
(scrbook)           Using `bookmark' together with `hyperref' is recommended,
(scrbook)           because of handling of possible bookmark level gaps.
(scrbook)           You can avoid loading `bookmark' with KOMA-Script option
(scrbook)           `bookmarkpackage=false' before \begin{document} and
(scrbook)           you can avoid this message adding:
(scrbook)             \usepackage{bookmark}
(scrbook)           before \begin{document} on input line 79.

(/usr/share/texlive/texmf-dist/tex/latex/bookmark/bookmark.sty
Package: bookmark 2020-11-06 v1.29 PDF bookmarks (HO)

(/usr/share/texlive/texmf-dist/tex/latex/bookmark/bkm-pdftex.def
File: bkm-pdftex.def 2020-11-06 v1.29 bookmark driver for pdfTeX (HO)
\BKM@id=\count309
))
(/usr/share/texlive/texmf-dist/tex/context/base/mkii/supp-pdf.mkii
[Loading MPS to PDF converter (version 2006.09.02).]
\scratchcounter=\count310
\scratchdimen=\dimen169
\scratchbox=\box60
\nofMPsegments=\count311
\nofMParguments=\count312
\everyMPshowfont=\toks26
\MPscratchCnt=\count313
\MPscratchDim=\dimen170
\MPnumerator=\count314
\makeMPintoPDFobject=\count315
\everyMPtoPDFconversion=\toks27
) (/usr/share/texlive/texmf-dist/tex/latex/epstopdf-pkg/epstopdf-base.sty
Package: epstopdf-base 2020-01-24 v2.11 Base part for package epstopdf
Package epstopdf-base Info: Redefining graphics rule for `.eps' on input line 4
85.

(/usr/share/texlive/texmf-dist/tex/latex/latexconfig/epstopdf-sys.cfg
File: epstopdf-sys.cfg 2010/07/13 v1.3 Configuration of (r)epstopdf for TeX Liv
e
))
Package caption Info: Begin \AtBeginDocument code.
Package caption Info: listings package is loaded.
Package caption Info: End \AtBeginDocument code.
LaTeX Info: Redefining \microtypecontext on input line 79.
Package microtype Info: Applying patch `item' on input line 79.
Package microtype Info: Applying patch `toc' on input line 79.
Package microtype Info: Applying patch `eqnum' on input line 79.


Package microtype Warning: Unable to apply patch `footnote' on input line 79.

Package microtype Info: Generating PDF output.
Package microtype Info: Character protrusion enabled (level 2).
Package microtype Info: Using default protrusion set `alltext'.
Package microtype Info: Automatic font expansion enabled (level 2),
(microtype)             stretch: 20, shrink: 20, step: 1, non-selected.
Package microtype Info: Using default expansion set `alltext-nott'.
LaTeX Info: Redefining \showhyphens on input line 79.
Package microtype Info: No adjustment of tracking.
Package microtype Info: No adjustment of interword spacing.
Package microtype Info: No adjustment of character kerning.
Package microtype Info: Loading generic protrusion settings for font family
(microtype)             `phv' (encoding: OT1).
(microtype)             For optimal results, create family-specific settings.
(microtype)             See the microtype manual for details.

Package scrlayer-scrpage Warning: Very small head height detected!
(scrlayer-scrpage)                Using scrlayer-scrpage the head height
(scrlayer-scrpage)                should be at least \baselineskip, which is
(scrlayer-scrpage)                16.49677pt currently.
(scrlayer-scrpage)                But head height is currently 12.0pt only.
(scrlayer-scrpage)                You may use
(scrlayer-scrpage)                typearea option `headheight=16.49677pt'
(scrlayer-scrpage)                \relax to avoid this warning.

\c@lstlisting=\count316
(./kapitel/title.tex
<bilder/logo.png, id=4, 903.375pt x 501.875pt>
File: bilder/logo.png Graphic file (type png)
<use bilder/logo.png>
Package pdftex.def Info: bilder/logo.png  used on input line 4.
(pdftex.def)             Requested size: 256.07233pt x 142.26378pt.
 [1





{/var/lib/texmf/fonts/map/pdftex/updmap/pdftex.map} <./bilder/logo.png>] [2


]
\us=\skip69

(/usr/share/texlive/texmf-dist/tex/latex/microtype/mt-cmr.cfg
File: mt-cmr.cfg 2013/05/19 v2.2 microtype config. file: Computer Modern Roman 
(RS)
)
LaTeX Font Info:    External font `cmex10' loaded for size
(Font)              <10.95> on input line 48.
LaTeX Font Info:    External font `cmex10' loaded for size
(Font)              <8> on input line 48.
LaTeX Font Info:    External font `cmex10' loaded for size
(Font)              <6> on input line 48.
LaTeX Font Info:    Trying to load font information for U+lasy on input line 48
.

(/usr/share/texlive/texmf-dist/tex/latex/base/ulasy.fd
File: ulasy.fd 1998/08/17 v2.2e LaTeX symbol font definitions
) [3] [4


]
LaTeX Font Info:    Font shape `OT1/phv/m/it' in size <10.95> not available
(Font)              Font shape `OT1/phv/m/sl' tried instead on input line 58.
 [5]) [6


]
Package tocbasic Info: character protrusion at toc deactivated on input line 83
.

(./ba.toc

Package scrlayer-scrpage Warning: \headheight to low.
(scrlayer-scrpage)                At least 16.49675pt needed,
(scrlayer-scrpage)                but only 12.0pt found.
(scrlayer-scrpage)                I'll enlarge \headheight, for further
(scrlayer-scrpage)                processing, but you should do this yourself,
(scrlayer-scrpage)                e.g., setting typearea's option
(scrlayer-scrpage)                `headheight=16.49675pt'.
(scrlayer-scrpage)                I'll also decrease \topmargin on input line 7
4.


Overfull \vbox (4.49675pt too high) has occurred while \output is active []


[1


])
\tf@toc=\write4
\openout4 = `ba.toc'.

 [2]
Package tocbasic Info: character protrusion at lof deactivated on input line 85
.
 (./ba.lof [3


])
\tf@lof=\write5
\openout5 = `ba.lof'.

 [4] (./kapitel/k1_einleitung.tex
chapter 1.

Class scrbook Warning: \float@addtolists detected!
(scrbook)              Implementation of \float@addtolist became
(scrbook)              deprecated in KOMA-Script v3.01 2008/11/14 and
(scrbook)              has been replaced by several more flexible
(scrbook)              features of package `tocbasic`.
(scrbook)              Since Version 3.12 support for deprecated
(scrbook)              \float@addtolist interface has been
(scrbook)              restricted to only some of the KOMA-Script
(scrbook)              features and been removed from others.
(scrbook)              Loading of package `scrhack' may help to
(scrbook)              avoid this warning, if you are using a
(scrbook)              a package that still implements the
(scrbook)              deprecated \float@addtolist interface.


pdfTeX warning (ext4): destination with the same identifier (name{page.1}) has 
been already used, duplicate ignored
<to be read again> 
                   \relax 
l.9 \newpage
             [1


]
pdfTeX warning (ext4): destination with the same identifier (name{page.2}) has 
been already used, duplicate ignored
<to be read again> 
                   \relax 
l.17 \newpage
              [2]
chapter 2.
) (./kapitel/k2_grundlagen.tex
pdfTeX warning (ext4): destination with the same identifier (name{page.3}) has 
been already used, duplicate ignored
<to be read again> 
                   \relax 
l.1 \chapter
            {Grundlagen} [3


]
pdfTeX warning (ext4): destination with the same identifier (name{page.4}) has 
been already used, duplicate ignored
<to be read again> 
                   \relax 
l.1 \chapter
            {Grundlagen} [4


]
chapter 3.
LaTeX Font Info:    Trying to load font information for TS1+phv on input line 1
9.
(/usr/share/texlive/texmf-dist/tex/latex/psnfss/ts1phv.fd
File: ts1phv.fd 2020/03/25 scalable font definitions for TS1/phv.
)
Package microtype Info: Loading generic protrusion settings for font family
(microtype)             `phv' (encoding: TS1).
(microtype)             For optimal results, create family-specific settings.
(microtype)             See the microtype manual for details.

pdfTeX warning (ext4): destination with the same identifier (name{page.5}) has 
been already used, duplicate ignored
<to be read again> 
                   \relax 
l.28 \subsection
                {Bausteine des Model-Driven Design} [5]
<bilder/k2/MDD.pdf, id=274, 589.20125pt x 429.605pt>
File: bilder/k2/MDD.pdf Graphic file (type pdf)
<use bilder/k2/MDD.pdf>
Package pdftex.def Info: bilder/k2/MDD.pdf  used on input line 34.
(pdftex.def)             Requested size: 455.24408pt x 331.93747pt.

pdfTeX warning (ext4): destination with the same identifier (name{page.6}) has 
been already used, duplicate ignored
<to be read again> 
                   \relax 
l.47 
      [6 <./bilder/k2/MDD.pdf>] [7] [8] [9] [10]
<bilder/k2/k2_context_map.png, id=403, 244.2726pt x 195.8517pt>
File: bilder/k2/k2_context_map.png Graphic file (type png)
<use bilder/k2/k2_context_map.png>
Package pdftex.def Info: bilder/k2/k2_context_map.png  used on input line 121.
(pdftex.def)             Requested size: 364.19664pt x 292.02856pt.
 [11 <./bilder/k2/k2_context_map.png>] [12]
<bilder/k2/eigenschaften.pdf, id=435, 646.415pt x 255.95625pt>
File: bilder/k2/eigenschaften.pdf Graphic file (type pdf)
<use bilder/k2/eigenschaften.pdf>
Package pdftex.def Info: bilder/k2/eigenschaften.pdf  used on input line 152.
(pdftex.def)             Requested size: 455.24408pt x 180.2578pt.
 [13 <./bilder/k2/eigenschaften.pdf>] [14] [15]
<bilder/k2/k2_broker.png, id=522, 272.89684pt x 184.44368pt>
File: bilder/k2/k2_broker.png Graphic file (type png)
<use bilder/k2/k2_broker.png>
Package pdftex.def Info: bilder/k2/k2_broker.png  used on input line 208.
(pdftex.def)             Requested size: 318.66946pt x 215.39577pt.
 [16 <./bilder/k2/k2_broker.png>]
<bilder/k2/k2_mediator.png, id=532, 287.08481pt x 233.43654pt>
File: bilder/k2/k2_mediator.png Graphic file (type png)
<use bilder/k2/k2_mediator.png>
Package pdftex.def Info: bilder/k2/k2_mediator.png  used on input line 222.
(pdftex.def)             Requested size: 318.66946pt x 259.13542pt.
 [17 <./bilder/k2/k2_mediator.png>] [18] [19] [20] [21] [22]
[23]
Underfull \hbox (badness 1762) in paragraph at lines 367--367
[]\OT1/phv/m/n/10.95 (+20) Erstellen von gra-fi-schen Con-text Maps und Microse
rvice-
 []

) (./kapitel/k3_modellierung.tex [24]
chapter 4.
<bilder/k3/k3_ajil.png, id=656, 1264.725pt x 652.3572pt>
File: bilder/k3/k3_ajil.png Graphic file (type png)
<use bilder/k3/k3_ajil.png>
Package pdftex.def Info: bilder/k3/k3_ajil.png  used on input line 19.
(pdftex.def)             Requested size: 455.24408pt x 234.81854pt.
[25


] [26 <./bilder/k3/k3_ajil.png>]
<bilder/k3/k3_context_mapper.png, id=671, 1573.88pt x 1710.39pt>
File: bilder/k3/k3_context_mapper.png Graphic file (type png)
<use bilder/k3/k3_context_mapper.png>
Package pdftex.def Info: bilder/k3/k3_context_mapper.png  used on input line 35
.
(pdftex.def)             Requested size: 392.72456pt x 426.79134pt.
<bilder/k3/k3_occi.png, id=674, 1028.84375pt x 578.16pt>
File: bilder/k3/k3_occi.png Graphic file (type png)
<use bilder/k3/k3_occi.png>
Package pdftex.def Info: bilder/k3/k3_occi.png  used on input line 45.
(pdftex.def)             Requested size: 455.24408pt x 255.82916pt.
 [27 <./bilder/k3/k3_context_mapper.png (PNG copy)>]
<bilder/k3/k3_occi_2.jpg, id=685, 314.3745pt x 442.14786pt>
File: bilder/k3/k3_occi_2.jpg Graphic file (type jpg)
<use bilder/k3/k3_occi_2.jpg>
Package pdftex.def Info: bilder/k3/k3_occi_2.jpg  used on input line 57.
(pdftex.def)             Requested size: 242.77425pt x 341.43306pt.
 [28 <./bilder/k3/k3_occi.png>] [29 <./bilder/k3/k3_occi_2.jpg>]
<bilder/k3/k3_argon.jpg, id=702, 133.6995pt x 231.9867pt>
File: bilder/k3/k3_argon.jpg Graphic file (type jpg)
<use bilder/k3/k3_argon.jpg>
Package pdftex.def Info: bilder/k3/k3_argon.jpg  used on input line 75.
(pdftex.def)             Requested size: 180.39063pt x 312.9803pt.

[30 <./bilder/k3/k3_argon.jpg>]
<bilder/k3/konzept.pdf, id=709, 914.41624pt x 474.77374pt>
File: bilder/k3/konzept.pdf Graphic file (type pdf)
<use bilder/k3/konzept.pdf>
Package pdftex.def Info: bilder/k3/konzept.pdf  used on input line 103.
(pdftex.def)             Requested size: 364.19664pt x 189.09474pt.
 [31 <./bilder/k3/konzept.pdf>]
<bilder/k4/1.png, id=727, 1482.53876pt x 530.98375pt>
File: bilder/k4/1.png Graphic file (type png)
<use bilder/k4/1.png>
Package pdftex.def Info: bilder/k4/1.png  used on input line 117.
(pdftex.def)             Requested size: 455.24408pt x 163.04764pt.
 [32 <./bilder/k4/1.png>]
<bilder/k4/2.png, id=733, 1450.41875pt x 848.16875pt>
File: bilder/k4/2.png Graphic file (type png)
<use bilder/k4/2.png>
Package pdftex.def Info: bilder/k4/2.png  used on input line 129.
(pdftex.def)             Requested size: 455.24408pt x 266.21686pt.
 [33 <./bilder/k4/2.png>]
<bilder/k4/3.png, id=740, 976.64874pt x 634.37pt>
File: bilder/k4/3.png Graphic file (type png)
<use bilder/k4/3.png>
Package pdftex.def Info: bilder/k4/3.png  used on input line 142.
(pdftex.def)             Requested size: 455.24408pt x 295.6953pt.
 [34 <./bilder/k4/3.png>]
<bilder/k4/4.png, id=746, 1588.93625pt x 942.52126pt>
File: bilder/k4/4.png Graphic file (type png)
<use bilder/k4/4.png>
Package pdftex.def Info: bilder/k4/4.png  used on input line 157.
(pdftex.def)             Requested size: 455.24408pt x 270.03076pt.
 [35 <./bilder/k4/4.png>]
<bilder/k4/5.png, id=752, 1078.0275pt x 696.6025pt>
File: bilder/k4/5.png Graphic file (type png)
<use bilder/k4/5.png>
Package pdftex.def Info: bilder/k4/5.png  used on input line 173.
(pdftex.def)             Requested size: 455.24408pt x 294.17607pt.
 [36 <./bilder/k4/5.png>]
<bilder/k4/6.png, id=758, 1595.9625pt x 1015.795pt>
File: bilder/k4/6.png Graphic file (type png)
<use bilder/k4/6.png>
Package pdftex.def Info: bilder/k4/6.png  used on input line 192.
(pdftex.def)             Requested size: 455.24408pt x 289.75258pt.
 [37 <./bilder/k4/6.png>] [38]
chapter 5.
<bilder/k5/workflow1.png, id=768, 887.315pt x 246.9225pt>
File: bilder/k5/workflow1.png Graphic file (type png)
<use bilder/k5/workflow1.png>
Package pdftex.def Info: bilder/k5/workflow1.png  used on input line 221.
(pdftex.def)             Requested size: 455.24408pt x 126.68234pt.
[39


 <./bilder/k5/workflow1.png>]
Package hyperref Info: bookmark level for unknown lstlisting defaults to 0 on i
nput line 235.
Package microtype Info: Loading generic protrusion settings for font family
(microtype)             `cmtt' (encoding: OT1).
(microtype)             For optimal results, create family-specific settings.
(microtype)             See the microtype manual for details.
 [40]
<bilder/k5/7.png, id=795, 903.375pt x 461.725pt>
File: bilder/k5/7.png Graphic file (type png)
<use bilder/k5/7.png>
Package pdftex.def Info: bilder/k5/7.png  used on input line 259.
(pdftex.def)             Requested size: 318.66946pt x 162.87433pt.
<bilder/k5/8.png, id=796, 1125.20375pt x 764.8575pt>
File: bilder/k5/8.png Graphic file (type png)
<use bilder/k5/8.png>
Package pdftex.def Info: bilder/k5/8.png  used on input line 267.
(pdftex.def)             Requested size: 364.19664pt x 247.56038pt.

Overfull \hbox (2.1683pt too wide) in paragraph at lines 271--272
[]\OT1/phv/m/n/10.95 (-20) Eine Mo-del-lie-rung von Klas-se-nat-tri-bu-ten in d
er Im-ple-men-tie-rung wur-de bis-her nicht ber[]ucksichtigt.
 []

[41 <./bilder/k5/7.png> <./bilder/k5/8.png>]
<bilder/k5/1.png, id=803, 1171.37625pt x 584.1825pt>
File: bilder/k5/1.png Graphic file (type png)
<use bilder/k5/1.png>
Package pdftex.def Info: bilder/k5/1.png  used on input line 285.
(pdftex.def)             Requested size: 455.24408pt x 227.03691pt.
 [42 <./bilder/k5/1.png>]
<bilder/k5/2.png, id=811, 1209.51875pt x 811.03pt>
File: bilder/k5/2.png Graphic file (type png)
<use bilder/k5/2.png>
Package pdftex.def Info: bilder/k5/2.png  used on input line 313.
(pdftex.def)             Requested size: 455.24408pt x 305.26166pt.
 [43 <./bilder/k5/2.png>]
<bilder/k5/3.png, id=818, 1014.79124pt x 396.48125pt>
File: bilder/k5/3.png Graphic file (type png)
<use bilder/k5/3.png>
Package pdftex.def Info: bilder/k5/3.png  used on input line 346.
(pdftex.def)             Requested size: 455.24408pt x 177.86436pt.
 [44 <./bilder/k5/3.png>]
<bilder/k5/4.png, id=825, 1330.9725pt x 501.875pt>
File: bilder/k5/4.png Graphic file (type png)
<use bilder/k5/4.png>
Package pdftex.def Info: bilder/k5/4.png  used on input line 372.
(pdftex.def)             Requested size: 455.24408pt x 171.65375pt.
 [45 <./bilder/k5/4.png>]
<bilder/k5/5.png, id=833, 1277.77374pt x 710.655pt>
File: bilder/k5/5.png Graphic file (type png)
<use bilder/k5/5.png>
Package pdftex.def Info: bilder/k5/5.png  used on input line 400.
(pdftex.def)             Requested size: 455.24408pt x 253.18973pt.
 [46 <./bilder/k5/5.png>]
<bilder/k5/6.png, id=840, 1194.4625pt x 725.71124pt>
File: bilder/k5/6.png Graphic file (type png)
<use bilder/k5/6.png>
Package pdftex.def Info: bilder/k5/6.png  used on input line 425.
(pdftex.def)             Requested size: 455.24408pt x 276.59258pt.
 [47 <./bilder/k5/6.png>]
<bilder/k5/workflow2.png, id=848, 1093.08376pt x 701.62125pt>
File: bilder/k5/workflow2.png Graphic file (type png)
<use bilder/k5/workflow2.png>
Package pdftex.def Info: bilder/k5/workflow2.png  used on input line 456.
(pdftex.def)             Requested size: 455.24408pt x 292.20586pt.
) (./kapitel/k4_generierung.tex [48 <./bilder/k5/workflow2.png>]
chapter 6.
[49


] [50] [51]
LaTeX Font Info:    Trying to load font information for TS1+cmtt on input line 
185.
 (/usr/share/texlive/texmf-dist/tex/latex/base/ts1cmtt.fd
File: ts1cmtt.fd 2019/12/16 v2.5j Standard LaTeX font definitions
)
Package microtype Info: Loading generic protrusion settings for font family
(microtype)             `cmtt' (encoding: TS1).
(microtype)             For optimal results, create family-specific settings.
(microtype)             See the microtype manual for details.

[52] [53] [54] [55] [56] [57]
<bilder/gen/1_light.png, id=1074, 1222.5675pt x 1173.38374pt>
File: bilder/gen/1_light.png Graphic file (type png)
<use bilder/gen/1_light.png>
Package pdftex.def Info: bilder/gen/1_light.png  used on input line 349.
(pdftex.def)             Requested size: 455.24408pt x 436.92036pt.
 [58 <./bilder/gen/1_light.png>] [59])
(./kapitel/k5_anwendung.tex [60]
chapter 7.
<bilder/k6/UseCase.pdf, id=1122, 518.93875pt x 293.095pt>
File: bilder/k6/UseCase.pdf Graphic file (type pdf)
<use bilder/k6/UseCase.pdf>
Package pdftex.def Info: bilder/k6/UseCase.pdf  used on input line 11.
(pdftex.def)             Requested size: 403.01273pt x 227.62204pt.
[61


 <./bilder/k6/UseCase.pdf>]
<bilder/k6/1.png, id=1143, 1064.97874pt x 823.075pt>
File: bilder/k6/1.png Graphic file (type png)
<use bilder/k6/1.png>
Package pdftex.def Info: bilder/k6/1.png  used on input line 23.
(pdftex.def)             Requested size: 455.24408pt x 351.83054pt.
 [62 <./bilder/k6/1.png>]
<bilder/k6/3.png, id=1149, 1032.85875pt x 509.905pt>
File: bilder/k6/3.png Graphic file (type png)
<use bilder/k6/3.png>
Package pdftex.def Info: bilder/k6/3.png  used on input line 33.
(pdftex.def)             Requested size: 455.24408pt x 224.74791pt.
<bilder/k6/extra.png, id=1150, 1535.7375pt x 685.56125pt>
File: bilder/k6/extra.png Graphic file (type png)
<use bilder/k6/extra.png>
Package pdftex.def Info: bilder/k6/extra.png  used on input line 39.
(pdftex.def)             Requested size: 455.24408pt x 203.22212pt.
 [63 <./bilder/k6/3.png> <./bilder/k6/extra.png>]
<bilder/k6/4.png, id=1158, 1278.7775pt x 608.2725pt>
File: bilder/k6/4.png Graphic file (type png)
<use bilder/k6/4.png>
Package pdftex.def Info: bilder/k6/4.png  used on input line 52.
(pdftex.def)             Requested size: 432.48048pt x 205.7147pt.
<bilder/k6/5.png, id=1159, 1056.94875pt x 538.01pt>
File: bilder/k6/5.png Graphic file (type png)
<use bilder/k6/5.png>
Package pdftex.def Info: bilder/k6/5.png  used on input line 61.
(pdftex.def)             Requested size: 432.48048pt x 220.14221pt.
 [64 <./bilder/k6/4.png> <./bilder/k6/5.png>]
<bilder/k6/6.png, id=1166, 1486.55376pt x 1180.41pt>
File: bilder/k6/6.png Graphic file (type png)
<use bilder/k6/6.png>
Package pdftex.def Info: bilder/k6/6.png  used on input line 71.
(pdftex.def)             Requested size: 455.24408pt x 361.49248pt.
 [65 <./bilder/k6/6.png>]
<bilder/k7/1_light.png, id=1172, 1118.1775pt x 541.02126pt>
File: bilder/k7/1_light.png Graphic file (type png)
<use bilder/k7/1_light.png>
Package pdftex.def Info: bilder/k7/1_light.png  used on input line 87.
(pdftex.def)             Requested size: 455.24408pt x 220.26814pt.
<bilder/k7/2_light.png, id=1173, 1509.64pt x 438.63875pt>
File: bilder/k7/2_light.png Graphic file (type png)
<use bilder/k7/2_light.png>
Package pdftex.def Info: bilder/k7/2_light.png  used on input line 95.
(pdftex.def)             Requested size: 455.24408pt x 132.27533pt.
 [66 <./bilder/k7/1_light.png> <./bilder/k7/2_light.png>]
<bilder/k7/3.png, id=1180, 1080.035pt x 1102.1175pt>
File: bilder/k7/3.png Graphic file (type png)
<use bilder/k7/3.png>
Package pdftex.def Info: bilder/k7/3.png  used on input line 105.
(pdftex.def)             Requested size: 455.24408pt x 464.55107pt.

[67 <./bilder/k7/3.png>]
LaTeX Font Info:    External font `cmex10' loaded for size
(Font)              <7> on input line 116.
) (./kapitel/k6_diskussion.tex [68]
chapter 8.
[69


] [70]) [71] (./ba.bbl [72


] [73]
LaTeX Info: Symbol \textasciiacute not provided by
            font family phv in TS1 encoding.
            Default family used instead on input line 78.
Package microtype Info: Loading generic protrusion settings for font family
(microtype)             `cmss' (encoding: OT1).
(microtype)             For optimal results, create family-specific settings.
(microtype)             See the microtype manual for details.
LaTeX Font Info:    Trying to load font information for TS1+cmss on input line 
78.

(/usr/share/texlive/texmf-dist/tex/latex/base/ts1cmss.fd
File: ts1cmss.fd 2019/12/16 v2.5j Standard LaTeX font definitions
)
Package microtype Info: Loading generic protrusion settings for font family
(microtype)             `cmss' (encoding: TS1).
(microtype)             For optimal results, create family-specific settings.
(microtype)             See the microtype manual for details.

Underfull \hbox (badness 1205) in paragraph at lines 98--104
[]\OT1/phv/m/n/10.95 (+20) Google LLC.  He-re's what to know about chan-ges to 
ku-bectl au-then-ti-ca-
 []


Underfull \hbox (badness 4120) in paragraph at lines 98--104
\OT1/phv/m/n/10.95 (+20) ti-on co-ming in GKE v1.26.  [][]$\OT1/cmtt/m/n/10.95 
https : / / cloud . google . com / blog / products /
 []


Underfull \hbox (badness 10000) in paragraph at lines 98--104
\OT1/cmtt/m/n/10.95 containers-[]kubernetes / kubectl-[]auth-[]changes-[]in-[]g
ke ? hl = en$[][]\OT1/phv/m/n/10.95 (+20) , Zu-griff am
 []


Underfull \hbox (badness 1371) in paragraph at lines 112--117
\OT1/cmtt/m/n/10.95 library / view / what-[]is-[]domain-[]driven / 978149205780
2 / ch04 . html$[][]\OT1/phv/m/n/10.95 (+20) , Zu-griff am
 []


Underfull \hbox (badness 1635) in paragraph at lines 143--148
[]\OT1/phv/m/n/10.95 (+20) Patrik L[]offler.  Microservice-Metamodell Migration
s-Beispielprojekt.  [][]$\OT1/cmtt/m/n/10.95 https :
 []


Underfull \hbox (badness 10000) in paragraph at lines 143--148
\OT1/cmtt/m/n/10.95 / / github . com / Tinkerbell0807 / ba / tree / main / Beis
pielservice _ Protected _
 []

[74]
Underfull \hbox (badness 7451) in paragraph at lines 160--165
[]\OT1/phv/m/n/10.95 (+20) National In-sti-tu-te of Stan-dards and Tech-no-lo-g
y.  The NIST De-fi-ni-ti-
 []


Underfull \hbox (badness 1502) in paragraph at lines 160--165
\OT1/phv/m/n/10.95 (+20) on of Cloud Com-pu-ting.  [][]$\OT1/cmtt/m/n/10.95 htt
ps : / / nvlpubs . nist . gov / nistpubs / legacy / sp /
 []

[75]
Underfull \hbox (badness 4096) in paragraph at lines 264--268
[]\OT1/phv/m/n/10.95 (+20) VMware.  Spring fra-me-work do-cu-men-ta-ti-on.  [][
]$\OT1/cmtt/m/n/10.95 https : / / docs . spring . io /
 []


Underfull \hbox (badness 1629) in paragraph at lines 270--274
[]\OT1/phv/m/n/10.95 (+20) Eberhard Wolff.  \OT1/phv/m/sl/10.95 (+20) Mi-cro-se
r-vices: Grund-la-gen fle-xibler Soft-wa-rear-chi-tek-tu-ren\OT1/phv/m/n/10.95 
(+20) .
 []

) [76] (./ba.aux)
Package rerunfilecheck Info: File `ba.out' has not changed.
(rerunfilecheck)             Checksum: D41D8CD98F00B204E9800998ECF8427E;0.
 )
(\end occurred inside a group at level 1)

### simple group (level 1) entered at line 24 ({)
### bottom level 
Here is how much of TeX's memory you used:
 21894 strings out of 476175
 406030 string characters out of 5796271
 2073793 words of memory out of 6000000
 41044 multiletter control sequences out of 15000+600000
 552611 words of font info for 265 fonts, out of 8000000 for 9000
 1137 hyphenation exceptions out of 8191
 108i,20n,106p,10705b,2120s stack positions out of 10000i,1000n,20000p,200000b,200000s
{/usr/share/texlive/texmf-dist/fonts/enc/dvips/cm-super/cm-supe
r-ts1.enc}{/usr/share/texlive/texmf-dist/fonts/enc/dvips/base/8r.enc}</usr/shar
e/texlive/texmf-dist/fonts/type1/public/amsfonts/cm/cmr8.pfb></usr/share/texliv
e/texmf-dist/fonts/type1/public/amsfonts/cm/cmtt10.pfb></usr/share/texlive/texm
f-dist/fonts/type1/public/amsfonts/cm/cmtt9.pfb></usr/share/texlive/texmf-dist/
fonts/type1/public/cm-super/sfss1095.pfb></usr/share/texlive/texmf-dist/fonts/t
ype1/public/cm-super/sftt0900.pfb></usr/share/texlive/texmf-dist/fonts/type1/ur
w/helvetic/uhvb8a.pfb></usr/share/texlive/texmf-dist/fonts/type1/urw/helvetic/u
hvr8a.pfb></usr/share/texlive/texmf-dist/fonts/type1/urw/helvetic/uhvro8a.pfb>
Output written on ba.pdf (86 pages, 4422858 bytes).
PDF statistics:
 1586 PDF objects out of 1728 (max. 8388607)
 1367 compressed objects within 14 object streams
 518 named destinations out of 1000 (max. 500000)
 76924 words of extra memory for PDF output out of 89155 (max. 10000000)

