This is pdfTeX, Version 3.141592653-2.6-1.40.22 (TeX Live 2022/dev/Debian) (preloaded format=pdflatex 2023.6.13)  10 JUL 2023 11:40
entering extended mode
 restricted \write18 enabled.
 %&-line parsing enabled.
**profile.tex
(./profile.tex
LaTeX2e <2021-11-15> patch level 1
L3 programming layer <2022-01-21>)
! Emergency stop.
<*> profile.tex
               
*** (job aborted, no legal \end found)

 
Here is how much of TeX's memory you used:
 22 strings out of 480153
 442 string characters out of 5892727
 284386 words of memory out of 5000000
 18089 multiletter control sequences out of 15000+600000
 469259 words of font info for 28 fonts, out of 8000000 for 9000
 36 hyphenation exceptions out of 8191
 13i,0n,12p,86b,10s stack positions out of 5000i,500n,10000p,200000b,80000s
!  ==> Fatal error occurred, no output PDF file produced!
